Watching for file changes with StatReloader
[03/Apr/2026 18:59:43] "GET /api/health/ HTTP/1.1" 200 15
[03/Apr/2026 18:59:43,429] - Broken pipe from ('127.0.0.1', 65053)
[03/Apr/2026 19:01:30] "OPTIONS /api/accounts/signup/ HTTP/1.1" 200 178
[03/Apr/2026 19:01:46] "OPTIONS /api/accounts/login/ HTTP/1.1" 200 366
[03/Apr/2026 19:03:07] "POST /api/accounts/signup/ HTTP/1.1" 201 631
[03/Apr/2026 19:03:07,221] - Broken pipe from ('127.0.0.1', 57659)
C:\Users\ADMIN\Desktop\StartupOS\config\settings.py changed, reloading.
Watching for file changes with StatReloader
[03/Apr/2026 19:03:48] "OPTIONS /api/accounts/signup/ HTTP/1.1" 200 0
[03/Apr/2026 19:03:48,606] - Broken pipe from ('127.0.0.1', 50546)
[03/Apr/2026 19:04:44] "OPTIONS /api/accounts/signup/ HTTP/1.1" 200 0
[03/Apr/2026 19:04:45] "POST /api/accounts/signup/ HTTP/1.1" 201 671
[03/Apr/2026 19:04:51] "OPTIONS /api/accounts/login/ HTTP/1.1" 200 0
[03/Apr/2026 19:04:52] "POST /api/accounts/login/ HTTP/1.1" 200 1255
[03/Apr/2026 19:04:55] "POST /api/accounts/login/ HTTP/1.1" 200 1255
[03/Apr/2026 19:04:55] "OPTIONS /api/requests/ HTTP/1.1" 200 0
[03/Apr/2026 19:04:55] "OPTIONS /api/audit-logs/ HTTP/1.1" 200 0
[03/Apr/2026 19:04:55] "OPTIONS /api/tasks/tasks/ HTTP/1.1" 200 0
[03/Apr/2026 19:04:55] "OPTIONS /api/notifications/ HTTP/1.1" 200 0
[03/Apr/2026 19:04:55] "OPTIONS /api/audit-logs/ HTTP/1.1" 200 0
[03/Apr/2026 19:04:55] "OPTIONS /api/notifications/ HTTP/1.1" 200 0
[03/Apr/2026 19:04:55] "OPTIONS /api/notifications/ HTTP/1.1" 200 0
[03/Apr/2026 19:04:55] "OPTIONS /api/notifications/ HTTP/1.1" 200 0
[03/Apr/2026 19:04:55] "OPTIONS /api/tasks/tasks/ HTTP/1.1" 200 0
[03/Apr/2026 19:04:55] "GET /api/tasks/tasks/ HTTP/1.1" 200 52
[03/Apr/2026 19:04:55] "GET /api/notifications/ HTTP/1.1" 200 52
[03/Apr/2026 19:04:55] "GET /api/requests/ HTTP/1.1" 200 52
[03/Apr/2026 19:04:55] "GET /api/audit-logs/ HTTP/1.1" 200 375
[03/Apr/2026 19:04:55] "GET /api/tasks/tasks/ HTTP/1.1" 200 52
[03/Apr/2026 19:04:55] "GET /api/notifications/ HTTP/1.1" 200 52
[03/Apr/2026 19:04:55] "GET /api/audit-logs/ HTTP/1.1" 200 375
[03/Apr/2026 19:04:55] "GET /api/notifications/ HTTP/1.1" 200 52
[03/Apr/2026 19:04:55] "GET /api/requests/ HTTP/1.1" 200 52
[03/Apr/2026 19:04:55] "GET /api/notifications/ HTTP/1.1" 200 52
[03/Apr/2026 19:05:07] "GET /api/requests/ HTTP/1.1" 200 52
[03/Apr/2026 19:05:07] "GET /api/audit-logs/ HTTP/1.1" 200 375
[03/Apr/2026 19:05:07] "GET /api/tasks/tasks/ HTTP/1.1" 200 52
[03/Apr/2026 19:05:07] "GET /api/notifications/ HTTP/1.1" 200 52
[03/Apr/2026 19:05:07] "GET /api/tasks/tasks/ HTTP/1.1" 200 52
[03/Apr/2026 19:05:07] "GET /api/requests/ HTTP/1.1" 200 52
[03/Apr/2026 19:05:07] "GET /api/audit-logs/ HTTP/1.1" 200 375
[03/Apr/2026 19:05:07] "GET /api/notifications/ HTTP/1.1" 200 52
[03/Apr/2026 19:05:07] "GET /api/notifications/ HTTP/1.1" 200 52
[03/Apr/2026 19:05:07] "GET /api/notifications/ HTTP/1.1" 200 52
[03/Apr/2026 19:05:13] "OPTIONS /api/accounts/users/ HTTP/1.1" 200 0
[03/Apr/2026 19:05:13] "OPTIONS /api/accounts/users/ HTTP/1.1" 200 0
[03/Apr/2026 19:05:13] "GET /api/requests/ HTTP/1.1" 200 52
[03/Apr/2026 19:05:13] "GET /api/accounts/users/ HTTP/1.1" 200 535
[03/Apr/2026 19:05:13] "GET /api/requests/ HTTP/1.1" 200 52
[03/Apr/2026 19:05:13] "GET /api/accounts/users/ HTTP/1.1" 200 535
[03/Apr/2026 19:05:18] "OPTIONS /api/roles/roles/ HTTP/1.1" 200 0
[03/Apr/2026 19:05:18] "OPTIONS /api/roles/roles/ HTTP/1.1" 200 0
[03/Apr/2026 19:05:18] "GET /api/roles/roles/ HTTP/1.1" 200 52
[03/Apr/2026 19:05:18] "GET /api/accounts/users/ HTTP/1.1" 200 535
[03/Apr/2026 19:05:18] "GET /api/roles/roles/ HTTP/1.1" 200 52
[03/Apr/2026 19:05:18] "GET /api/accounts/users/ HTTP/1.1" 200 535
[03/Apr/2026 19:06:50] "OPTIONS /api/roles/permissions/ HTTP/1.1" 200 0
[03/Apr/2026 19:06:50] "OPTIONS /api/roles/permissions/ HTTP/1.1" 200 0
[03/Apr/2026 19:06:50] "GET /api/roles/roles/ HTTP/1.1" 200 52
[03/Apr/2026 19:06:50] "GET /api/roles/permissions/ HTTP/1.1" 200 1060
[03/Apr/2026 19:06:51] "GET /api/roles/roles/ HTTP/1.1" 200 52
[03/Apr/2026 19:06:51] "GET /api/roles/permissions/ HTTP/1.1" 200 1060
[03/Apr/2026 19:07:02] "POST /api/roles/roles/ HTTP/1.1" 201 165
[03/Apr/2026 19:07:02] "GET /api/roles/roles/ HTTP/1.1" 200 217
[03/Apr/2026 19:07:09] "OPTIONS /api/roles/role-permissions/ HTTP/1.1" 200 0
Bad Request: /api/roles/role-permissions/
[03/Apr/2026 19:07:09] "POST /api/roles/role-permissions/ HTTP/1.1" 400 119
Bad Request: /api/roles/role-permissions/
[03/Apr/2026 19:07:10] "POST /api/roles/role-permissions/ HTTP/1.1" 400 119
[03/Apr/2026 19:07:56] "POST /api/roles/roles/ HTTP/1.1" 201 167
[03/Apr/2026 19:07:56] "GET /api/roles/roles/ HTTP/1.1" 200 385
[03/Apr/2026 19:07:58] "GET /api/roles/roles/ HTTP/1.1" 200 385
[03/Apr/2026 19:07:58] "GET /api/roles/roles/ HTTP/1.1" 200 385
[03/Apr/2026 19:07:58] "GET /api/accounts/users/ HTTP/1.1" 200 535
[03/Apr/2026 19:07:58] "GET /api/accounts/users/ HTTP/1.1" 200 535
Bad Request: /api/accounts/users/
[03/Apr/2026 19:08:12] "POST /api/accounts/users/ HTTP/1.1" 400 50
Bad Request: /api/accounts/users/
[03/Apr/2026 19:08:13] "POST /api/accounts/users/ HTTP/1.1" 400 50
Bad Request: /api/accounts/users/
[03/Apr/2026 19:08:13] "POST /api/accounts/users/ HTTP/1.1" 400 50
[03/Apr/2026 19:09:00] "OPTIONS /api/accounts/logout/ HTTP/1.1" 200 0
[03/Apr/2026 19:09:00] "POST /api/accounts/logout/ HTTP/1.1" 205 0
[03/Apr/2026 19:09:02] "POST /api/accounts/login/ HTTP/1.1" 200 1255
[03/Apr/2026 19:09:04] "POST /api/accounts/login/ HTTP/1.1" 200 1255
[03/Apr/2026 19:09:04] "GET /api/notifications/ HTTP/1.1" 200 52
[03/Apr/2026 19:09:04] "GET /api/roles/roles/ HTTP/1.1" 200 385
[03/Apr/2026 19:09:04] "GET /api/accounts/users/ HTTP/1.1" 200 535
[03/Apr/2026 19:09:04] "GET /api/notifications/ HTTP/1.1" 200 52
[03/Apr/2026 19:09:04] "GET /api/roles/roles/ HTTP/1.1" 200 385
[03/Apr/2026 19:09:04] "GET /api/accounts/users/ HTTP/1.1" 200 535
[03/Apr/2026 19:09:09] "GET /api/roles/permissions/ HTTP/1.1" 200 1060
[03/Apr/2026 19:09:09] "GET /api/roles/roles/ HTTP/1.1" 200 385
[03/Apr/2026 19:09:09] "GET /api/roles/permissions/ HTTP/1.1" 200 1060
[03/Apr/2026 19:09:09] "GET /api/roles/roles/ HTTP/1.1" 200 385
[03/Apr/2026 19:12:01] "GET /api/roles/roles/ HTTP/1.1" 200 385
[03/Apr/2026 19:12:01] "GET /api/accounts/users/ HTTP/1.1" 200 535
[03/Apr/2026 19:12:01] "GET /api/roles/roles/ HTTP/1.1" 200 385
[03/Apr/2026 19:12:01] "GET /api/accounts/users/ HTTP/1.1" 200 535
[03/Apr/2026 19:12:02] "GET /api/tasks/tasks/ HTTP/1.1" 200 52
[03/Apr/2026 19:12:02] "GET /api/tasks/tasks/ HTTP/1.1" 200 52
C:\Users\ADMIN\Desktop\StartupOS\accounts\serializers.py changed, reloading.
Watching for file changes with StatReloader
[03/Apr/2026 19:17:05] "OPTIONS /api/tasks/projects/ HTTP/1.1" 200 0
[03/Apr/2026 19:17:05] "OPTIONS /api/tasks/projects/ HTTP/1.1" 200 0
[03/Apr/2026 19:17:05] "GET /api/tasks/tasks/ HTTP/1.1" 200 52
[03/Apr/2026 19:17:05] "GET /api/tasks/projects/ HTTP/1.1" 200 52
[03/Apr/2026 19:17:05] "GET /api/tasks/projects/ HTTP/1.1" 200 52
[03/Apr/2026 19:17:05] "GET /api/accounts/users/ HTTP/1.1" 200 535
[03/Apr/2026 19:17:05] "GET /api/tasks/tasks/ HTTP/1.1" 200 52
[03/Apr/2026 19:17:05] "GET /api/accounts/users/ HTTP/1.1" 200 535
[03/Apr/2026 19:33:15] "OPTIONS /api/accounts/me/ HTTP/1.1" 200 0
[03/Apr/2026 19:33:15] "OPTIONS /api/accounts/me/ HTTP/1.1" 200 0
[03/Apr/2026 19:33:15] "GET /api/accounts/me/ HTTP/1.1" 200 585
[03/Apr/2026 19:33:15] "GET /api/accounts/me/ HTTP/1.1" 200 585
Unauthorized: /api/accounts/me/
[03/Apr/2026 19:39:58] "GET /api/accounts/me/ HTTP/1.1" 401 183
Unauthorized: /api/accounts/me/
[03/Apr/2026 19:39:58] "GET /api/accounts/me/ HTTP/1.1" 401 183
[03/Apr/2026 19:39:58] "OPTIONS /api/accounts/token/refresh/ HTTP/1.1" 200 0
[03/Apr/2026 19:39:58] "POST /api/accounts/token/refresh/ HTTP/1.1" 200 662
[03/Apr/2026 19:39:58] "GET /api/accounts/me/ HTTP/1.1" 200 585
[03/Apr/2026 19:39:58] "GET /api/accounts/me/ HTTP/1.1" 200 585
[03/Apr/2026 19:39:59] "GET /api/accounts/me/ HTTP/1.1" 200 585
[03/Apr/2026 19:39:59] "GET /api/accounts/me/ HTTP/1.1" 200 585
[03/Apr/2026 19:40:00] "GET /api/accounts/me/ HTTP/1.1" 200 585
[03/Apr/2026 19:40:00] "GET /api/accounts/me/ HTTP/1.1" 200 585
[03/Apr/2026 19:40:02] "POST /api/accounts/login/ HTTP/1.1" 200 1255
[03/Apr/2026 19:40:02] "GET /api/tasks/projects/ HTTP/1.1" 200 52
[03/Apr/2026 19:40:02] "GET /api/tasks/tasks/ HTTP/1.1" 200 52
[03/Apr/2026 19:40:02] "GET /api/accounts/users/ HTTP/1.1" 200 535
[03/Apr/2026 19:40:02] "GET /api/notifications/ HTTP/1.1" 200 52
[03/Apr/2026 19:40:02] "GET /api/tasks/projects/ HTTP/1.1" 200 52
[03/Apr/2026 19:40:02] "GET /api/tasks/tasks/ HTTP/1.1" 200 52
[03/Apr/2026 19:40:02] "GET /api/accounts/users/ HTTP/1.1" 200 535
[03/Apr/2026 19:40:02] "GET /api/notifications/ HTTP/1.1" 200 52
[03/Apr/2026 19:40:07] "GET /api/notifications/ HTTP/1.1" 200 52
[03/Apr/2026 19:40:07] "GET /api/tasks/tasks/ HTTP/1.1" 200 52
[03/Apr/2026 19:40:07] "GET /api/requests/ HTTP/1.1" 200 52
[03/Apr/2026 19:40:07] "GET /api/audit-logs/ HTTP/1.1" 200 1215
[03/Apr/2026 19:40:07] "GET /api/tasks/tasks/ HTTP/1.1" 200 52
[03/Apr/2026 19:40:07] "GET /api/notifications/ HTTP/1.1" 200 52
[03/Apr/2026 19:40:07] "GET /api/requests/ HTTP/1.1" 200 52
[03/Apr/2026 19:40:07] "GET /api/audit-logs/ HTTP/1.1" 200 1215
[03/Apr/2026 19:40:47] "GET /api/requests/ HTTP/1.1" 200 52
[03/Apr/2026 19:40:47] "GET /api/accounts/users/ HTTP/1.1" 200 535
[03/Apr/2026 19:40:47] "GET /api/accounts/users/ HTTP/1.1" 200 535
[03/Apr/2026 19:40:47] "GET /api/requests/ HTTP/1.1" 200 52
[03/Apr/2026 19:40:50] "GET /api/tasks/projects/ HTTP/1.1" 200 52
[03/Apr/2026 19:40:50] "GET /api/tasks/tasks/ HTTP/1.1" 200 52
[03/Apr/2026 19:40:50] "GET /api/accounts/users/ HTTP/1.1" 200 535
[03/Apr/2026 19:40:50] "GET /api/tasks/projects/ HTTP/1.1" 200 52
[03/Apr/2026 19:40:50] "GET /api/tasks/tasks/ HTTP/1.1" 200 52
[03/Apr/2026 19:40:50] "GET /api/accounts/users/ HTTP/1.1" 200 535
[03/Apr/2026 19:40:58] "GET /api/accounts/users/ HTTP/1.1" 200 535
[03/Apr/2026 19:40:58] "GET /api/roles/roles/ HTTP/1.1" 200 385
[03/Apr/2026 19:40:58] "GET /api/accounts/users/ HTTP/1.1" 200 535
[03/Apr/2026 19:40:58] "GET /api/roles/roles/ HTTP/1.1" 200 385
[03/Apr/2026 19:41:07] "GET /api/roles/permissions/ HTTP/1.1" 200 1060
[03/Apr/2026 19:41:07] "GET /api/roles/roles/ HTTP/1.1" 200 385
[03/Apr/2026 19:41:07] "GET /api/roles/permissions/ HTTP/1.1" 200 1060
[03/Apr/2026 19:41:07] "GET /api/roles/roles/ HTTP/1.1" 200 385
[03/Apr/2026 19:42:13] "POST /api/roles/role-permissions/ HTTP/1.1" 201 338
[03/Apr/2026 19:42:13] "GET /api/roles/roles/ HTTP/1.1" 200 723
[03/Apr/2026 19:42:21] "POST /api/roles/role-permissions/ HTTP/1.1" 201 330
[03/Apr/2026 19:42:21] "POST /api/roles/role-permissions/ HTTP/1.1" 201 329
[03/Apr/2026 19:42:21] "POST /api/roles/role-permissions/ HTTP/1.1" 201 338
[03/Apr/2026 19:42:21] "POST /api/roles/role-permissions/ HTTP/1.1" 201 339
[03/Apr/2026 19:42:21] "GET /api/roles/roles/ HTTP/1.1" 200 2063
[03/Apr/2026 19:42:47] "GET /api/accounts/users/ HTTP/1.1" 200 535
[03/Apr/2026 19:42:47] "GET /api/roles/roles/ HTTP/1.1" 200 2063
[03/Apr/2026 19:42:47] "GET /api/accounts/users/ HTTP/1.1" 200 535
[03/Apr/2026 19:42:47] "GET /api/roles/roles/ HTTP/1.1" 200 2063
[03/Apr/2026 19:42:49] "GET /api/requests/ HTTP/1.1" 200 52
[03/Apr/2026 19:42:49] "GET /api/accounts/users/ HTTP/1.1" 200 535
[03/Apr/2026 19:42:49] "GET /api/requests/ HTTP/1.1" 200 52
[03/Apr/2026 19:42:49] "GET /api/accounts/users/ HTTP/1.1" 200 535
Bad Request: /api/requests/
[03/Apr/2026 19:43:42] "POST /api/requests/ HTTP/1.1" 400 48
[03/Apr/2026 19:43:55] "POST /api/requests/ HTTP/1.1" 201 389
[03/Apr/2026 19:43:55] "GET /api/requests/ HTTP/1.1" 200 441
[03/Apr/2026 19:44:06] "OPTIONS /api/requests/1/ HTTP/1.1" 200 0
[03/Apr/2026 19:44:06] "GET /api/requests/1/ HTTP/1.1" 200 389
[03/Apr/2026 19:44:06] "GET /api/accounts/users/ HTTP/1.1" 200 535
[03/Apr/2026 19:44:06] "GET /api/requests/1/ HTTP/1.1" 200 389
[03/Apr/2026 19:44:06] "GET /api/accounts/users/ HTTP/1.1" 200 535
[03/Apr/2026 19:44:11] "GET /api/tasks/projects/ HTTP/1.1" 200 52
[03/Apr/2026 19:44:11] "GET /api/tasks/tasks/ HTTP/1.1" 200 52
[03/Apr/2026 19:44:11] "GET /api/accounts/users/ HTTP/1.1" 200 535
[03/Apr/2026 19:44:11] "GET /api/tasks/tasks/ HTTP/1.1" 200 52
[03/Apr/2026 19:44:11] "GET /api/tasks/projects/ HTTP/1.1" 200 52
[03/Apr/2026 19:44:11] "GET /api/accounts/users/ HTTP/1.1" 200 535
[03/Apr/2026 19:44:12] "GET /api/accounts/users/ HTTP/1.1" 200 535
[03/Apr/2026 19:44:12] "GET /api/accounts/users/ HTTP/1.1" 200 535
[03/Apr/2026 19:44:12] "GET /api/roles/roles/ HTTP/1.1" 200 2063
[03/Apr/2026 19:44:12] "GET /api/roles/roles/ HTTP/1.1" 200 2063
[03/Apr/2026 19:44:51] "POST /api/accounts/users/ HTTP/1.1" 201 114
[03/Apr/2026 19:44:51] "GET /api/accounts/users/ HTTP/1.1" 200 2858
[03/Apr/2026 19:46:35] "GET /api/accounts/me/ HTTP/1.1" 200 585
[03/Apr/2026 19:46:35] "GET /api/accounts/me/ HTTP/1.1" 200 585
[03/Apr/2026 19:46:52] "POST /api/accounts/login/ HTTP/1.1" 200 3097
[03/Apr/2026 19:46:52] "GET /api/tasks/tasks/ HTTP/1.1" 200 52
[03/Apr/2026 19:46:52] "GET /api/requests/ HTTP/1.1" 200 441
[03/Apr/2026 19:46:52] "GET /api/notifications/ HTTP/1.1" 200 52
[03/Apr/2026 19:46:52] "GET /api/audit-logs/ HTTP/1.1" 200 3437
[03/Apr/2026 19:46:52] "GET /api/tasks/tasks/ HTTP/1.1" 200 52
[03/Apr/2026 19:46:52] "GET /api/notifications/ HTTP/1.1" 200 52
[03/Apr/2026 19:46:52] "GET /api/audit-logs/ HTTP/1.1" 200 3437
[03/Apr/2026 19:46:52] "GET /api/requests/ HTTP/1.1" 200 441
[03/Apr/2026 19:46:52] "GET /api/notifications/ HTTP/1.1" 200 52
[03/Apr/2026 19:46:52] "GET /api/notifications/ HTTP/1.1" 200 52
[03/Apr/2026 19:46:59] "GET /api/requests/ HTTP/1.1" 200 441
[03/Apr/2026 19:46:59] "GET /api/accounts/users/ HTTP/1.1" 200 2858
[03/Apr/2026 19:46:59] "GET /api/requests/ HTTP/1.1" 200 441
[03/Apr/2026 19:46:59] "GET /api/accounts/users/ HTTP/1.1" 200 2858
[03/Apr/2026 19:47:00] "GET /api/requests/1/ HTTP/1.1" 200 389
[03/Apr/2026 19:47:00] "GET /api/accounts/users/ HTTP/1.1" 200 2858
[03/Apr/2026 19:47:00] "GET /api/requests/1/ HTTP/1.1" 200 389
[03/Apr/2026 19:47:00] "GET /api/accounts/users/ HTTP/1.1" 200 2858
[03/Apr/2026 19:47:02] "OPTIONS /api/requests/1/workflow/ HTTP/1.1" 200 0
[03/Apr/2026 19:47:02] "POST /api/requests/1/workflow/ HTTP/1.1" 201 224
[03/Apr/2026 19:47:02] "GET /api/requests/1/ HTTP/1.1" 200 614
[03/Apr/2026 19:47:31] "POST /api/requests/1/workflow/ HTTP/1.1" 201 231
[03/Apr/2026 19:47:31] "GET /api/requests/1/ HTTP/1.1" 200 846
[03/Apr/2026 19:47:35] "POST /api/requests/1/workflow/ HTTP/1.1" 201 224
[03/Apr/2026 19:47:35] "GET /api/requests/1/ HTTP/1.1" 200 1071
[03/Apr/2026 19:47:37] "GET /api/notifications/ HTTP/1.1" 200 52
[03/Apr/2026 19:47:37] "GET /api/audit-logs/ HTTP/1.1" 200 4281
[03/Apr/2026 19:47:37] "GET /api/tasks/tasks/ HTTP/1.1" 200 52
[03/Apr/2026 19:47:37] "GET /api/requests/ HTTP/1.1" 200 1123
[03/Apr/2026 19:47:37] "GET /api/notifications/ HTTP/1.1" 200 52
[03/Apr/2026 19:47:37] "GET /api/tasks/tasks/ HTTP/1.1" 200 52
[03/Apr/2026 19:47:37] "GET /api/audit-logs/ HTTP/1.1" 200 4281
[03/Apr/2026 19:47:37] "GET /api/requests/ HTTP/1.1" 200 1123
[03/Apr/2026 19:48:03] "GET /api/accounts/users/ HTTP/1.1" 200 2858
[03/Apr/2026 19:48:03] "GET /api/requests/ HTTP/1.1" 200 1123
[03/Apr/2026 19:48:03] "GET /api/accounts/users/ HTTP/1.1" 200 2858
[03/Apr/2026 19:48:03] "GET /api/requests/ HTTP/1.1" 200 1123
[03/Apr/2026 19:48:05] "GET /api/tasks/projects/ HTTP/1.1" 200 52
[03/Apr/2026 19:48:05] "GET /api/tasks/tasks/ HTTP/1.1" 200 52
[03/Apr/2026 19:48:05] "GET /api/tasks/tasks/ HTTP/1.1" 200 52
[03/Apr/2026 19:48:05] "GET /api/accounts/users/ HTTP/1.1" 200 2858
[03/Apr/2026 19:48:05] "GET /api/tasks/projects/ HTTP/1.1" 200 52
[03/Apr/2026 19:48:05] "GET /api/accounts/users/ HTTP/1.1" 200 2858
[03/Apr/2026 19:48:35] "POST /api/tasks/projects/ HTTP/1.1" 201 223
[03/Apr/2026 19:48:35] "GET /api/tasks/projects/ HTTP/1.1" 200 275
[03/Apr/2026 19:48:51] "POST /api/tasks/tasks/ HTTP/1.1" 201 317
[03/Apr/2026 19:48:51] "GET /api/tasks/tasks/ HTTP/1.1" 200 369
[03/Apr/2026 19:48:57] "GET /api/tasks/tasks/ HTTP/1.1" 200 369
[03/Apr/2026 19:48:57] "GET /api/tasks/tasks/ HTTP/1.1" 200 369
[03/Apr/2026 19:48:57] "GET /api/notifications/ HTTP/1.1" 200 375
[03/Apr/2026 19:48:57] "GET /api/audit-logs/ HTTP/1.1" 200 4865
[03/Apr/2026 19:48:57] "GET /api/requests/ HTTP/1.1" 200 1123
[03/Apr/2026 19:48:57] "GET /api/notifications/ HTTP/1.1" 200 375
[03/Apr/2026 19:48:57] "GET /api/audit-logs/ HTTP/1.1" 200 4865
[03/Apr/2026 19:48:57] "GET /api/requests/ HTTP/1.1" 200 1123
[03/Apr/2026 19:49:07] "GET /api/requests/ HTTP/1.1" 200 1123
[03/Apr/2026 19:49:07] "GET /api/accounts/users/ HTTP/1.1" 200 2858
[03/Apr/2026 19:49:07] "GET /api/requests/ HTTP/1.1" 200 1123
[03/Apr/2026 19:49:07] "GET /api/accounts/users/ HTTP/1.1" 200 2858
[03/Apr/2026 19:49:08] "GET /api/tasks/tasks/ HTTP/1.1" 200 369
[03/Apr/2026 19:49:08] "GET /api/audit-logs/ HTTP/1.1" 200 4865
[03/Apr/2026 19:49:08] "GET /api/notifications/ HTTP/1.1" 200 375
[03/Apr/2026 19:49:08] "GET /api/notifications/ HTTP/1.1" 200 375
[03/Apr/2026 19:49:08] "GET /api/tasks/tasks/ HTTP/1.1" 200 369
[03/Apr/2026 19:49:08] "GET /api/audit-logs/ HTTP/1.1" 200 4865
[03/Apr/2026 19:49:08] "GET /api/requests/ HTTP/1.1" 200 1123
[03/Apr/2026 19:49:08] "GET /api/requests/ HTTP/1.1" 200 1123
[03/Apr/2026 19:49:35] "GET /api/tasks/tasks/ HTTP/1.1" 200 369
[03/Apr/2026 19:49:35] "GET /api/tasks/projects/ HTTP/1.1" 200 275
[03/Apr/2026 19:49:35] "GET /api/tasks/tasks/ HTTP/1.1" 200 369
[03/Apr/2026 19:49:35] "GET /api/tasks/projects/ HTTP/1.1" 200 275
[03/Apr/2026 19:49:35] "GET /api/accounts/users/ HTTP/1.1" 200 2858
[03/Apr/2026 19:49:35] "GET /api/accounts/users/ HTTP/1.1" 200 2858
Bad Request: /api/accounts/signup/
[03/Apr/2026 19:49:45] "POST /api/accounts/signup/ HTTP/1.1" 400 111
[03/Apr/2026 19:49:49] "GET /api/notifications/ HTTP/1.1" 200 375
[03/Apr/2026 19:49:49] "GET /api/tasks/tasks/ HTTP/1.1" 200 369
[03/Apr/2026 19:49:49] "GET /api/tasks/projects/ HTTP/1.1" 200 275
[03/Apr/2026 19:49:49] "GET /api/tasks/tasks/ HTTP/1.1" 200 369
[03/Apr/2026 19:49:49] "GET /api/accounts/users/ HTTP/1.1" 200 2858
[03/Apr/2026 19:49:49] "GET /api/notifications/ HTTP/1.1" 200 375
[03/Apr/2026 19:49:49] "GET /api/tasks/projects/ HTTP/1.1" 200 275
[03/Apr/2026 19:49:49] "GET /api/accounts/users/ HTTP/1.1" 200 2858
C:\Users\ADMIN\Desktop\StartupOS\accounts\serializers.py changed, reloading.
Watching for file changes with StatReloader
[03/Apr/2026 19:55:44] "GET /api/accounts/me/ HTTP/1.1" 200 2424
[03/Apr/2026 19:55:44] "GET /api/accounts/me/ HTTP/1.1" 200 2424
[03/Apr/2026 19:55:44] "GET /api/accounts/me/ HTTP/1.1" 200 2424
[03/Apr/2026 19:55:44] "GET /api/accounts/me/ HTTP/1.1" 200 2424
C:\Users\ADMIN\Desktop\StartupOS\accounts\serializers.py changed, reloading.
Watching for file changes with StatReloader
[03/Apr/2026 19:56:36] "GET /api/accounts/me/ HTTP/1.1" 200 2424
[03/Apr/2026 19:56:36] "GET /api/accounts/me/ HTTP/1.1" 200 2424
[03/Apr/2026 19:56:38] "POST /api/accounts/login/ HTTP/1.1" 200 1255
[03/Apr/2026 19:56:38] "GET /api/tasks/projects/ HTTP/1.1" 200 275
[03/Apr/2026 19:56:38] "GET /api/tasks/tasks/ HTTP/1.1" 200 369
[03/Apr/2026 19:56:38] "GET /api/notifications/ HTTP/1.1" 200 1057
[03/Apr/2026 19:56:38] "GET /api/tasks/projects/ HTTP/1.1" 200 275
[03/Apr/2026 19:56:38] "GET /api/accounts/users/ HTTP/1.1" 200 2858
[03/Apr/2026 19:56:38] "GET /api/tasks/tasks/ HTTP/1.1" 200 369
[03/Apr/2026 19:56:38] "GET /api/notifications/ HTTP/1.1" 200 1057
[03/Apr/2026 19:56:38] "GET /api/accounts/users/ HTTP/1.1" 200 2858
[03/Apr/2026 19:57:17] "GET /api/tasks/projects/ HTTP/1.1" 200 275
[03/Apr/2026 19:57:17] "GET /api/notifications/ HTTP/1.1" 200 1057
[03/Apr/2026 19:57:17] "GET /api/accounts/users/ HTTP/1.1" 200 2858
[03/Apr/2026 19:57:17] "GET /api/tasks/tasks/ HTTP/1.1" 200 369
[03/Apr/2026 19:57:17] "GET /api/tasks/projects/ HTTP/1.1" 200 275
[03/Apr/2026 19:57:17] "GET /api/notifications/ HTTP/1.1" 200 1057
[03/Apr/2026 19:57:17] "GET /api/tasks/tasks/ HTTP/1.1" 200 369
[03/Apr/2026 19:57:17] "GET /api/accounts/users/ HTTP/1.1" 200 2858
[03/Apr/2026 19:57:24] "GET /api/requests/ HTTP/1.1" 200 1123
[03/Apr/2026 19:57:24] "GET /api/accounts/users/ HTTP/1.1" 200 2858
[03/Apr/2026 19:57:24] "GET /api/requests/ HTTP/1.1" 200 1123
[03/Apr/2026 19:57:24] "GET /api/accounts/users/ HTTP/1.1" 200 2858
[03/Apr/2026 19:57:26] "GET /api/tasks/tasks/ HTTP/1.1" 200 369
[03/Apr/2026 19:57:26] "GET /api/audit-logs/ HTTP/1.1" 200 4865
[03/Apr/2026 19:57:26] "GET /api/tasks/tasks/ HTTP/1.1" 200 369
[03/Apr/2026 19:57:26] "GET /api/requests/ HTTP/1.1" 200 1123
[03/Apr/2026 19:57:26] "GET /api/notifications/ HTTP/1.1" 200 1057
[03/Apr/2026 19:57:26] "GET /api/audit-logs/ HTTP/1.1" 200 4865
[03/Apr/2026 19:57:26] "GET /api/requests/ HTTP/1.1" 200 1123
[03/Apr/2026 19:57:26] "GET /api/notifications/ HTTP/1.1" 200 1057
[03/Apr/2026 19:57:55] "POST /api/accounts/login/ HTTP/1.1" 200 3097
[03/Apr/2026 19:57:55] "GET /api/notifications/ HTTP/1.1" 200 375
[03/Apr/2026 19:57:55] "GET /api/notifications/ HTTP/1.1" 200 375
[03/Apr/2026 19:57:55] "GET /api/roles/roles/ HTTP/1.1" 200 2063
[03/Apr/2026 19:57:55] "GET /api/accounts/users/ HTTP/1.1" 200 2858
[03/Apr/2026 19:57:55] "GET /api/roles/roles/ HTTP/1.1" 200 2063
[03/Apr/2026 19:57:55] "GET /api/accounts/users/ HTTP/1.1" 200 2858
[03/Apr/2026 19:58:03] "GET /api/requests/ HTTP/1.1" 200 1123
[03/Apr/2026 19:58:04] "GET /api/accounts/users/ HTTP/1.1" 200 2858
[03/Apr/2026 19:58:04] "GET /api/requests/ HTTP/1.1" 200 1123
[03/Apr/2026 19:58:04] "GET /api/accounts/users/ HTTP/1.1" 200 2858
[03/Apr/2026 19:58:06] "GET /api/requests/1/ HTTP/1.1" 200 1071
[03/Apr/2026 19:58:06] "GET /api/accounts/users/ HTTP/1.1" 200 2858
[03/Apr/2026 19:58:06] "GET /api/requests/1/ HTTP/1.1" 200 1071
[03/Apr/2026 19:58:06] "GET /api/accounts/users/ HTTP/1.1" 200 2858
[03/Apr/2026 19:58:21] "GET /api/requests/ HTTP/1.1" 200 1123
[03/Apr/2026 19:58:21] "GET /api/accounts/users/ HTTP/1.1" 200 2858
[03/Apr/2026 19:58:21] "GET /api/requests/ HTTP/1.1" 200 1123
[03/Apr/2026 19:58:21] "GET /api/accounts/users/ HTTP/1.1" 200 2858
[03/Apr/2026 19:58:25] "GET /api/requests/1/ HTTP/1.1" 200 1071
[03/Apr/2026 19:58:25] "GET /api/accounts/users/ HTTP/1.1" 200 2858
[03/Apr/2026 19:58:25] "GET /api/requests/1/ HTTP/1.1" 200 1071
[03/Apr/2026 19:58:25] "GET /api/accounts/users/ HTTP/1.1" 200 2858
[03/Apr/2026 19:58:28] "GET /api/tasks/tasks/ HTTP/1.1" 200 369
[03/Apr/2026 19:58:28] "GET /api/notifications/ HTTP/1.1" 200 375
[03/Apr/2026 19:58:28] "GET /api/audit-logs/ HTTP/1.1" 200 4865
[03/Apr/2026 19:58:28] "GET /api/tasks/tasks/ HTTP/1.1" 200 369
[03/Apr/2026 19:58:28] "GET /api/notifications/ HTTP/1.1" 200 375
[03/Apr/2026 19:58:28] "GET /api/requests/ HTTP/1.1" 200 1123
[03/Apr/2026 19:58:28] "GET /api/audit-logs/ HTTP/1.1" 200 4865
[03/Apr/2026 19:58:28] "GET /api/requests/ HTTP/1.1" 200 1123
C:\Users\ADMIN\Desktop\StartupOS\requests_app\views.py changed, reloading.
Watching for file changes with StatReloader
[03/Apr/2026 20:04:19] "GET /api/notifications/ HTTP/1.1" 200 375
[03/Apr/2026 20:04:19] "GET /api/tasks/tasks/ HTTP/1.1" 200 369
[03/Apr/2026 20:04:19] "GET /api/requests/ HTTP/1.1" 200 1123
[03/Apr/2026 20:04:19] "GET /api/audit-logs/ HTTP/1.1" 200 4865
[03/Apr/2026 20:04:19] "GET /api/notifications/ HTTP/1.1" 200 375
[03/Apr/2026 20:04:19] "GET /api/tasks/tasks/ HTTP/1.1" 200 369
[03/Apr/2026 20:04:19] "GET /api/requests/ HTTP/1.1" 200 1123
[03/Apr/2026 20:04:19] "GET /api/audit-logs/ HTTP/1.1" 200 4865
[03/Apr/2026 20:04:25] "GET /api/tasks/tasks/ HTTP/1.1" 200 369
[03/Apr/2026 20:04:25] "GET /api/audit-logs/ HTTP/1.1" 200 4865
[03/Apr/2026 20:04:25] "GET /api/notifications/ HTTP/1.1" 200 375
[03/Apr/2026 20:04:25] "GET /api/audit-logs/ HTTP/1.1" 200 4865
[03/Apr/2026 20:04:25] "GET /api/tasks/tasks/ HTTP/1.1" 200 369
[03/Apr/2026 20:04:25] "GET /api/requests/ HTTP/1.1" 200 1123
[03/Apr/2026 20:04:25] "GET /api/notifications/ HTTP/1.1" 200 375
[03/Apr/2026 20:04:25] "GET /api/requests/ HTTP/1.1" 200 1123
[03/Apr/2026 20:06:39] "GET /api/accounts/me/ HTTP/1.1" 200 2424
[03/Apr/2026 20:06:39] "GET /api/accounts/me/ HTTP/1.1" 200 2424
[03/Apr/2026 20:06:42] "POST /api/accounts/login/ HTTP/1.1" 200 3097
[03/Apr/2026 20:06:42] "GET /api/audit-logs/ HTTP/1.1" 200 4865
[03/Apr/2026 20:06:42] "GET /api/notifications/ HTTP/1.1" 200 375
[03/Apr/2026 20:06:42] "GET /api/tasks/tasks/ HTTP/1.1" 200 369
[03/Apr/2026 20:06:42] "GET /api/requests/ HTTP/1.1" 200 1123
[03/Apr/2026 20:06:42] "GET /api/notifications/ HTTP/1.1" 200 375
[03/Apr/2026 20:06:42] "GET /api/audit-logs/ HTTP/1.1" 200 4865
[03/Apr/2026 20:06:42] "GET /api/tasks/tasks/ HTTP/1.1" 200 369
[03/Apr/2026 20:06:42] "GET /api/notifications/ HTTP/1.1" 200 375
[03/Apr/2026 20:06:42] "GET /api/requests/ HTTP/1.1" 200 1123
[03/Apr/2026 20:06:42] "GET /api/notifications/ HTTP/1.1" 200 375
[03/Apr/2026 20:06:49] "OPTIONS /api/audit-logs/17/ HTTP/1.1" 200 0
[03/Apr/2026 20:06:49] "OPTIONS /api/audit-logs/17/ HTTP/1.1" 200 0
[03/Apr/2026 20:06:49] "GET /api/audit-logs/17/ HTTP/1.1" 200 287
[03/Apr/2026 20:06:49] "GET /api/audit-logs/17/ HTTP/1.1" 200 287
[03/Apr/2026 20:07:07] "GET /api/notifications/ HTTP/1.1" 200 375
[03/Apr/2026 20:07:07] "GET /api/notifications/ HTTP/1.1" 200 375
[03/Apr/2026 20:07:07] "GET /api/tasks/tasks/ HTTP/1.1" 200 369
[03/Apr/2026 20:07:07] "GET /api/requests/ HTTP/1.1" 200 1123
[03/Apr/2026 20:07:07] "GET /api/audit-logs/ HTTP/1.1" 200 4865
[03/Apr/2026 20:07:07] "GET /api/audit-logs/ HTTP/1.1" 200 4865
[03/Apr/2026 20:07:07] "GET /api/tasks/tasks/ HTTP/1.1" 200 369
[03/Apr/2026 20:07:07] "GET /api/requests/ HTTP/1.1" 200 1123
[03/Apr/2026 20:07:11] "OPTIONS /api/audit-logs/16/ HTTP/1.1" 200 0
[03/Apr/2026 20:07:11] "GET /api/audit-logs/16/ HTTP/1.1" 200 295
[03/Apr/2026 20:07:11] "GET /api/audit-logs/16/ HTTP/1.1" 200 295
[03/Apr/2026 20:07:18] "GET /api/notifications/ HTTP/1.1" 200 375
[03/Apr/2026 20:07:18] "GET /api/audit-logs/ HTTP/1.1" 200 4865
[03/Apr/2026 20:07:18] "GET /api/tasks/tasks/ HTTP/1.1" 200 369
[03/Apr/2026 20:07:18] "GET /api/requests/ HTTP/1.1" 200 1123
[03/Apr/2026 20:07:18] "GET /api/tasks/tasks/ HTTP/1.1" 200 369
[03/Apr/2026 20:07:18] "GET /api/notifications/ HTTP/1.1" 200 375
[03/Apr/2026 20:07:18] "GET /api/audit-logs/ HTTP/1.1" 200 4865
[03/Apr/2026 20:07:18] "GET /api/requests/ HTTP/1.1" 200 1123
[03/Apr/2026 20:07:21] "OPTIONS /api/audit-logs/15/ HTTP/1.1" 200 0
[03/Apr/2026 20:07:21] "OPTIONS /api/audit-logs/15/ HTTP/1.1" 200 0
[03/Apr/2026 20:07:21] "GET /api/audit-logs/15/ HTTP/1.1" 200 279
[03/Apr/2026 20:07:21] "GET /api/audit-logs/15/ HTTP/1.1" 200 279
[03/Apr/2026 20:07:21] "GET /api/requests/1/ HTTP/1.1" 200 1071
[03/Apr/2026 20:07:27] "GET /api/requests/1/ HTTP/1.1" 200 1071
[03/Apr/2026 20:07:27] "GET /api/accounts/users/ HTTP/1.1" 200 2858
[03/Apr/2026 20:07:27] "GET /api/requests/1/ HTTP/1.1" 200 1071
[03/Apr/2026 20:07:27] "GET /api/accounts/users/ HTTP/1.1" 200 2858
[03/Apr/2026 20:07:32] "GET /api/audit-logs/15/ HTTP/1.1" 200 279
[03/Apr/2026 20:07:32] "GET /api/audit-logs/15/ HTTP/1.1" 200 279
[03/Apr/2026 20:07:32] "GET /api/requests/1/ HTTP/1.1" 200 1071
[03/Apr/2026 20:07:46] "GET /api/tasks/tasks/ HTTP/1.1" 200 369
[03/Apr/2026 20:07:46] "GET /api/tasks/projects/ HTTP/1.1" 200 275
[03/Apr/2026 20:07:46] "GET /api/tasks/tasks/ HTTP/1.1" 200 369
[03/Apr/2026 20:07:46] "GET /api/tasks/projects/ HTTP/1.1" 200 275
[03/Apr/2026 20:07:46] "GET /api/accounts/users/ HTTP/1.1" 200 2858
[03/Apr/2026 20:07:46] "GET /api/accounts/users/ HTTP/1.1" 200 2858
C:\Users\ADMIN\Desktop\StartupOS\tasks_app\models.py changed, reloading.
Watching for file changes with StatReloader
[03/Apr/2026 20:13:08] "GET /api/tasks/projects/ HTTP/1.1" 200 275
[03/Apr/2026 20:13:08] "GET /api/accounts/users/ HTTP/1.1" 200 2858
[03/Apr/2026 20:13:08] "GET /api/tasks/projects/ HTTP/1.1" 200 275
[03/Apr/2026 20:13:08] "GET /api/accounts/users/ HTTP/1.1" 200 2858
Internal Server Error: /api/tasks/tasks/
Traceback (most recent call last):
  File "C:\Users\ADMIN\AppData\Local\Programs\Python\Python312\Lib\site-packages\django\db\backends\utils.py", line 105, in _execute
    return self.cursor.execute(sql, params)
           ^^^^^^^^^^^^^^^^^^^^^^^^^^^^^^^^
  File "C:\Users\ADMIN\AppData\Local\Programs\Python\Python312\Lib\site-packages\django\db\backends\sqlite3\base.py", line 360, in execute
    return super().execute(query, params)
           ^^^^^^^^^^^^^^^^^^^^^^^^^^^^^^
sqlite3.OperationalError: no such column: tasks_task.task_type

The above exception was the direct cause of the following exception:

Traceback (most recent call last):
  File "C:\Users\ADMIN\AppData\Local\Programs\Python\Python312\Lib\site-packages\django\core\handlers\exception.py", line 55, in inner
    response = get_response(request)
               ^^^^^^^^^^^^^^^^^^^^^
  File "C:\Users\ADMIN\AppData\Local\Programs\Python\Python312\Lib\site-packages\django\core\handlers\base.py", line 197, in _get_response
    response = wrapped_callback(request, *callback_args, **callback_kwargs)
               ^^^^^^^^^^^^^^^^^^^^^^^^^^^^^^^^^^^^^^^^^^^^^^^^^^^^^^^^^^^^
  File "C:\Users\ADMIN\AppData\Local\Programs\Python\Python312\Lib\site-packages\django\views\decorators\csrf.py", line 65, in _view_wrapper
    return view_func(request, *args, **kwargs)
           ^^^^^^^^^^^^^^^^^^^^^^^^^^^^^^^^^^^
  File "C:\Users\ADMIN\AppData\Local\Programs\Python\Python312\Lib\site-packages\rest_framework\viewsets.py", line 124, in view
    return self.dispatch(request, *args, **kwargs)
           ^^^^^^^^^^^^^^^^^^^^^^^^^^^^^^^^^^^^^^^
  File "C:\Users\ADMIN\AppData\Local\Programs\Python\Python312\Lib\site-packages\rest_framework\views.py", line 509, in dispatch
    response = self.handle_exception(exc)
               ^^^^^^^^^^^^^^^^^^^^^^^^^^
  File "C:\Users\ADMIN\AppData\Local\Programs\Python\Python312\Lib\site-packages\rest_framework\views.py", line 469, in handle_exception
    self.raise_uncaught_exception(exc)
  File "C:\Users\ADMIN\AppData\Local\Programs\Python\Python312\Lib\site-packages\rest_framework\views.py", line 480, in raise_uncaught_exception
    raise exc
  File "C:\Users\ADMIN\AppData\Local\Programs\Python\Python312\Lib\site-packages\rest_framework\views.py", line 506, in dispatch
    response = handler(request, *args, **kwargs)
               ^^^^^^^^^^^^^^^^^^^^^^^^^^^^^^^^^
  File "C:\Users\ADMIN\AppData\Local\Programs\Python\Python312\Lib\site-packages\rest_framework\mixins.py", line 40, in list
    page = self.paginate_queryset(queryset)
           ^^^^^^^^^^^^^^^^^^^^^^^^^^^^^^^^
  File "C:\Users\ADMIN\AppData\Local\Programs\Python\Python312\Lib\site-packages\rest_framework\generics.py", line 175, in paginate_queryset
    return self.paginator.paginate_queryset(queryset, self.request, view=self)
           ^^^^^^^^^^^^^^^^^^^^^^^^^^^^^^^^^^^^^^^^^^^^^^^^^^^^^^^^^^^^^^^^^^^
  File "C:\Users\ADMIN\AppData\Local\Programs\Python\Python312\Lib\site-packages\rest_framework\pagination.py", line 222, in paginate_queryset
    return list(self.page)
           ^^^^^^^^^^^^^^^
  File "C:\Users\ADMIN\AppData\Local\Programs\Python\Python312\Lib\site-packages\django\core\paginator.py", line 191, in __len__
    return len(self.object_list)
           ^^^^^^^^^^^^^^^^^^^^^
  File "C:\Users\ADMIN\AppData\Local\Programs\Python\Python312\Lib\site-packages\django\db\models\query.py", line 366, in __len__
    self._fetch_all()
  File "C:\Users\ADMIN\AppData\Local\Programs\Python\Python312\Lib\site-packages\django\db\models\query.py", line 1949, in _fetch_all
    self._result_cache = list(self._iterable_class(self))
                         ^^^^^^^^^^^^^^^^^^^^^^^^^^^^^^^^
  File "C:\Users\ADMIN\AppData\Local\Programs\Python\Python312\Lib\site-packages\django\db\models\query.py", line 91, in __iter__
    results = compiler.execute_sql(
              ^^^^^^^^^^^^^^^^^^^^^
  File "C:\Users\ADMIN\AppData\Local\Programs\Python\Python312\Lib\site-packages\django\db\models\sql\compiler.py", line 1623, in execute_sql
    cursor.execute(sql, params)
  File "C:\Users\ADMIN\AppData\Local\Programs\Python\Python312\Lib\site-packages\django\db\backends\utils.py", line 122, in execute
    return super().execute(sql, params)
           ^^^^^^^^^^^^^^^^^^^^^^^^^^^^
  File "C:\Users\ADMIN\AppData\Local\Programs\Python\Python312\Lib\site-packages\django\db\backends\utils.py", line 79, in execute
    return self._execute_with_wrappers(
           ^^^^^^^^^^^^^^^^^^^^^^^^^^^^
  File "C:\Users\ADMIN\AppData\Local\Programs\Python\Python312\Lib\site-packages\django\db\backends\utils.py", line 92, in _execute_with_wrappers
    return executor(sql, params, many, context)
           ^^^^^^^^^^^^^^^^^^^^^^^^^^^^^^^^^^^^
  File "C:\Users\ADMIN\AppData\Local\Programs\Python\Python312\Lib\site-packages\django\db\backends\utils.py", line 100, in _execute
    with self.db.wrap_database_errors:
  File "C:\Users\ADMIN\AppData\Local\Programs\Python\Python312\Lib\site-packages\django\db\utils.py", line 91, in __exit__
    raise dj_exc_value.with_traceback(traceback) from exc_value
  File "C:\Users\ADMIN\AppData\Local\Programs\Python\Python312\Lib\site-packages\django\db\backends\utils.py", line 105, in _execute
    return self.cursor.execute(sql, params)
           ^^^^^^^^^^^^^^^^^^^^^^^^^^^^^^^^
  File "C:\Users\ADMIN\AppData\Local\Programs\Python\Python312\Lib\site-packages\django\db\backends\sqlite3\base.py", line 360, in execute
    return super().execute(query, params)
           ^^^^^^^^^^^^^^^^^^^^^^^^^^^^^^
django.db.utils.OperationalError: no such column: tasks_task.task_type
[03/Apr/2026 20:13:08] "GET /api/tasks/tasks/ HTTP/1.1" 500 200624
Internal Server Error: /api/tasks/tasks/
Traceback (most recent call last):
  File "C:\Users\ADMIN\AppData\Local\Programs\Python\Python312\Lib\site-packages\django\db\backends\utils.py", line 105, in _execute
    return self.cursor.execute(sql, params)
           ^^^^^^^^^^^^^^^^^^^^^^^^^^^^^^^^
  File "C:\Users\ADMIN\AppData\Local\Programs\Python\Python312\Lib\site-packages\django\db\backends\sqlite3\base.py", line 360, in execute
    return super().execute(query, params)
           ^^^^^^^^^^^^^^^^^^^^^^^^^^^^^^
sqlite3.OperationalError: no such column: tasks_task.task_type

The above exception was the direct cause of the following exception:

Traceback (most recent call last):
  File "C:\Users\ADMIN\AppData\Local\Programs\Python\Python312\Lib\site-packages\django\core\handlers\exception.py", line 55, in inner
    response = get_response(request)
               ^^^^^^^^^^^^^^^^^^^^^
  File "C:\Users\ADMIN\AppData\Local\Programs\Python\Python312\Lib\site-packages\django\core\handlers\base.py", line 197, in _get_response
    response = wrapped_callback(request, *callback_args, **callback_kwargs)
               ^^^^^^^^^^^^^^^^^^^^^^^^^^^^^^^^^^^^^^^^^^^^^^^^^^^^^^^^^^^^
  File "C:\Users\ADMIN\AppData\Local\Programs\Python\Python312\Lib\site-packages\django\views\decorators\csrf.py", line 65, in _view_wrapper
    return view_func(request, *args, **kwargs)
           ^^^^^^^^^^^^^^^^^^^^^^^^^^^^^^^^^^^
  File "C:\Users\ADMIN\AppData\Local\Programs\Python\Python312\Lib\site-packages\rest_framework\viewsets.py", line 124, in view
    return self.dispatch(request, *args, **kwargs)
           ^^^^^^^^^^^^^^^^^^^^^^^^^^^^^^^^^^^^^^^
  File "C:\Users\ADMIN\AppData\Local\Programs\Python\Python312\Lib\site-packages\rest_framework\views.py", line 509, in dispatch
    response = self.handle_exception(exc)
               ^^^^^^^^^^^^^^^^^^^^^^^^^^
  File "C:\Users\ADMIN\AppData\Local\Programs\Python\Python312\Lib\site-packages\rest_framework\views.py", line 469, in handle_exception
    self.raise_uncaught_exception(exc)
  File "C:\Users\ADMIN\AppData\Local\Programs\Python\Python312\Lib\site-packages\rest_framework\views.py", line 480, in raise_uncaught_exception
    raise exc
  File "C:\Users\ADMIN\AppData\Local\Programs\Python\Python312\Lib\site-packages\rest_framework\views.py", line 506, in dispatch
    response = handler(request, *args, **kwargs)
               ^^^^^^^^^^^^^^^^^^^^^^^^^^^^^^^^^
  File "C:\Users\ADMIN\AppData\Local\Programs\Python\Python312\Lib\site-packages\rest_framework\mixins.py", line 40, in list
    page = self.paginate_queryset(queryset)
           ^^^^^^^^^^^^^^^^^^^^^^^^^^^^^^^^
  File "C:\Users\ADMIN\AppData\Local\Programs\Python\Python312\Lib\site-packages\rest_framework\generics.py", line 175, in paginate_queryset
    return self.paginator.paginate_queryset(queryset, self.request, view=self)
           ^^^^^^^^^^^^^^^^^^^^^^^^^^^^^^^^^^^^^^^^^^^^^^^^^^^^^^^^^^^^^^^^^^^
  File "C:\Users\ADMIN\AppData\Local\Programs\Python\Python312\Lib\site-packages\rest_framework\pagination.py", line 222, in paginate_queryset
    return list(self.page)
           ^^^^^^^^^^^^^^^
  File "C:\Users\ADMIN\AppData\Local\Programs\Python\Python312\Lib\site-packages\django\core\paginator.py", line 191, in __len__
    return len(self.object_list)
           ^^^^^^^^^^^^^^^^^^^^^
  File "C:\Users\ADMIN\AppData\Local\Programs\Python\Python312\Lib\site-packages\django\db\models\query.py", line 366, in __len__
    self._fetch_all()
  File "C:\Users\ADMIN\AppData\Local\Programs\Python\Python312\Lib\site-packages\django\db\models\query.py", line 1949, in _fetch_all
    self._result_cache = list(self._iterable_class(self))
                         ^^^^^^^^^^^^^^^^^^^^^^^^^^^^^^^^
  File "C:\Users\ADMIN\AppData\Local\Programs\Python\Python312\Lib\site-packages\django\db\models\query.py", line 91, in __iter__
    results = compiler.execute_sql(
              ^^^^^^^^^^^^^^^^^^^^^
  File "C:\Users\ADMIN\AppData\Local\Programs\Python\Python312\Lib\site-packages\django\db\models\sql\compiler.py", line 1623, in execute_sql
    cursor.execute(sql, params)
  File "C:\Users\ADMIN\AppData\Local\Programs\Python\Python312\Lib\site-packages\django\db\backends\utils.py", line 122, in execute
    return super().execute(sql, params)
           ^^^^^^^^^^^^^^^^^^^^^^^^^^^^
  File "C:\Users\ADMIN\AppData\Local\Programs\Python\Python312\Lib\site-packages\django\db\backends\utils.py", line 79, in execute
    return self._execute_with_wrappers(
           ^^^^^^^^^^^^^^^^^^^^^^^^^^^^
  File "C:\Users\ADMIN\AppData\Local\Programs\Python\Python312\Lib\site-packages\django\db\backends\utils.py", line 92, in _execute_with_wrappers
    return executor(sql, params, many, context)
           ^^^^^^^^^^^^^^^^^^^^^^^^^^^^^^^^^^^^
  File "C:\Users\ADMIN\AppData\Local\Programs\Python\Python312\Lib\site-packages\django\db\backends\utils.py", line 100, in _execute
    with self.db.wrap_database_errors:
  File "C:\Users\ADMIN\AppData\Local\Programs\Python\Python312\Lib\site-packages\django\db\utils.py", line 91, in __exit__
    raise dj_exc_value.with_traceback(traceback) from exc_value
  File "C:\Users\ADMIN\AppData\Local\Programs\Python\Python312\Lib\site-packages\django\db\backends\utils.py", line 105, in _execute
    return self.cursor.execute(sql, params)
           ^^^^^^^^^^^^^^^^^^^^^^^^^^^^^^^^
  File "C:\Users\ADMIN\AppData\Local\Programs\Python\Python312\Lib\site-packages\django\db\backends\sqlite3\base.py", line 360, in execute
    return super().execute(query, params)
           ^^^^^^^^^^^^^^^^^^^^^^^^^^^^^^
django.db.utils.OperationalError: no such column: tasks_task.task_type
[03/Apr/2026 20:13:08] "GET /api/tasks/tasks/ HTTP/1.1" 500 200624
[03/Apr/2026 20:15:08] "GET /api/accounts/me/ HTTP/1.1" 200 2424
[03/Apr/2026 20:15:08] "GET /api/accounts/me/ HTTP/1.1" 200 2424
[03/Apr/2026 20:15:10] "POST /api/accounts/login/ HTTP/1.1" 200 3097
[03/Apr/2026 20:15:10] "GET /api/audit-logs/ HTTP/1.1" 200 4865
[03/Apr/2026 20:15:10] "GET /api/tasks/tasks/ HTTP/1.1" 200 514
[03/Apr/2026 20:15:10] "GET /api/notifications/ HTTP/1.1" 200 375
[03/Apr/2026 20:15:10] "GET /api/tasks/tasks/ HTTP/1.1" 200 514
[03/Apr/2026 20:15:10] "GET /api/audit-logs/ HTTP/1.1" 200 4865
[03/Apr/2026 20:15:10] "GET /api/notifications/ HTTP/1.1" 200 375
[03/Apr/2026 20:15:10] "GET /api/requests/ HTTP/1.1" 200 1123
[03/Apr/2026 20:15:10] "GET /api/notifications/ HTTP/1.1" 200 375
[03/Apr/2026 20:15:10] "GET /api/notifications/ HTTP/1.1" 200 375
[03/Apr/2026 20:15:10] "GET /api/requests/ HTTP/1.1" 200 1123
[03/Apr/2026 20:15:14] "GET /api/tasks/tasks/ HTTP/1.1" 200 514
[03/Apr/2026 20:15:14] "GET /api/tasks/tasks/ HTTP/1.1" 200 514
[03/Apr/2026 20:15:14] "GET /api/tasks/projects/ HTTP/1.1" 200 275
[03/Apr/2026 20:15:14] "GET /api/accounts/users/ HTTP/1.1" 200 2858
[03/Apr/2026 20:15:14] "GET /api/tasks/projects/ HTTP/1.1" 200 275
[03/Apr/2026 20:15:14] "OPTIONS /api/tasks/activity-logs/?task=1 HTTP/1.1" 200 0
[03/Apr/2026 20:15:14] "GET /api/tasks/activity-logs/?task=1 HTTP/1.1" 200 52
[03/Apr/2026 20:15:14] "GET /api/accounts/users/ HTTP/1.1" 200 2858
[03/Apr/2026 20:16:09] "POST /api/tasks/tasks/ HTTP/1.1" 201 464
[03/Apr/2026 20:16:09] "GET /api/tasks/tasks/ HTTP/1.1" 200 979
[03/Apr/2026 20:16:09] "OPTIONS /api/tasks/activity-logs/?task=2 HTTP/1.1" 200 0
[03/Apr/2026 20:16:09] "GET /api/tasks/activity-logs/?task=2 HTTP/1.1" 200 334
[03/Apr/2026 20:16:20] "GET /api/requests/ HTTP/1.1" 200 1123
[03/Apr/2026 20:16:20] "GET /api/accounts/users/ HTTP/1.1" 200 2858
[03/Apr/2026 20:16:20] "GET /api/requests/ HTTP/1.1" 200 1123
[03/Apr/2026 20:16:20] "GET /api/accounts/users/ HTTP/1.1" 200 2858
[03/Apr/2026 20:16:21] "GET /api/tasks/tasks/ HTTP/1.1" 200 979
[03/Apr/2026 20:16:21] "GET /api/audit-logs/ HTTP/1.1" 200 5293
[03/Apr/2026 20:16:21] "GET /api/notifications/ HTTP/1.1" 200 375
[03/Apr/2026 20:16:21] "GET /api/audit-logs/ HTTP/1.1" 200 5293
[03/Apr/2026 20:16:21] "GET /api/tasks/tasks/ HTTP/1.1" 200 979
[03/Apr/2026 20:16:21] "GET /api/requests/ HTTP/1.1" 200 1123
[03/Apr/2026 20:16:21] "GET /api/notifications/ HTTP/1.1" 200 375
[03/Apr/2026 20:16:21] "GET /api/requests/ HTTP/1.1" 200 1123
[03/Apr/2026 20:16:22] "GET /api/requests/ HTTP/1.1" 200 1123
[03/Apr/2026 20:16:22] "GET /api/accounts/users/ HTTP/1.1" 200 2858
[03/Apr/2026 20:16:22] "GET /api/requests/ HTTP/1.1" 200 1123
[03/Apr/2026 20:16:22] "GET /api/accounts/users/ HTTP/1.1" 200 2858
[03/Apr/2026 20:16:23] "GET /api/tasks/projects/ HTTP/1.1" 200 275
[03/Apr/2026 20:16:23] "GET /api/tasks/tasks/ HTTP/1.1" 200 979
[03/Apr/2026 20:16:23] "GET /api/accounts/users/ HTTP/1.1" 200 2858
[03/Apr/2026 20:16:23] "GET /api/tasks/projects/ HTTP/1.1" 200 275
[03/Apr/2026 20:16:23] "GET /api/tasks/tasks/ HTTP/1.1" 200 979
[03/Apr/2026 20:16:23] "GET /api/accounts/users/ HTTP/1.1" 200 2858
[03/Apr/2026 20:16:23] "GET /api/tasks/activity-logs/?task=2 HTTP/1.1" 200 334
C:\Users\ADMIN\Desktop\StartupOS\tasks_app\views.py changed, reloading.
Watching for file changes with StatReloader
[03/Apr/2026 20:21:17] "GET /api/notifications/ HTTP/1.1" 200 375
[03/Apr/2026 20:21:17] "GET /api/tasks/projects/ HTTP/1.1" 200 275
[03/Apr/2026 20:21:17] "GET /api/tasks/tasks/ HTTP/1.1" 200 979
[03/Apr/2026 20:21:17] "GET /api/tasks/projects/ HTTP/1.1" 200 275
[03/Apr/2026 20:21:17] "GET /api/notifications/ HTTP/1.1" 200 375
[03/Apr/2026 20:21:17] "GET /api/tasks/tasks/ HTTP/1.1" 200 979
[03/Apr/2026 20:21:17] "GET /api/tasks/projects/ HTTP/1.1" 200 275
[03/Apr/2026 20:21:17] "GET /api/notifications/ HTTP/1.1" 200 375
[03/Apr/2026 20:21:17] "GET /api/tasks/tasks/ HTTP/1.1" 200 979
[03/Apr/2026 20:21:17] "GET /api/accounts/users/ HTTP/1.1" 200 2858
[03/Apr/2026 20:21:17] "GET /api/tasks/projects/ HTTP/1.1" 200 275
[03/Apr/2026 20:21:17] "GET /api/notifications/ HTTP/1.1" 200 375
[03/Apr/2026 20:21:17] "GET /api/tasks/tasks/ HTTP/1.1" 200 979
[03/Apr/2026 20:21:17] "GET /api/tasks/activity-logs/?task=2 HTTP/1.1" 200 334
[03/Apr/2026 20:21:17] "GET /api/accounts/users/ HTTP/1.1" 200 2858
[03/Apr/2026 20:21:17] "GET /api/tasks/activity-logs/?task=2 HTTP/1.1" 200 334
[03/Apr/2026 20:21:17] "GET /api/accounts/users/ HTTP/1.1" 200 2858
[03/Apr/2026 20:21:17] "GET /api/accounts/users/ HTTP/1.1" 200 2858
[03/Apr/2026 20:24:15] "GET /api/tasks/projects/ HTTP/1.1" 200 275
[03/Apr/2026 20:24:15] "GET /api/tasks/tasks/ HTTP/1.1" 200 979
[03/Apr/2026 20:24:15] "GET /api/accounts/users/ HTTP/1.1" 200 2858
[03/Apr/2026 20:24:15] "GET /api/tasks/tasks/ HTTP/1.1" 200 979
[03/Apr/2026 20:24:15] "GET /api/tasks/projects/ HTTP/1.1" 200 275
[03/Apr/2026 20:24:15] "GET /api/tasks/tasks/ HTTP/1.1" 200 979
[03/Apr/2026 20:24:15] "GET /api/tasks/projects/ HTTP/1.1" 200 275
[03/Apr/2026 20:24:15] "GET /api/accounts/users/ HTTP/1.1" 200 2858
[03/Apr/2026 20:24:15] "GET /api/tasks/tasks/ HTTP/1.1" 200 979
[03/Apr/2026 20:24:15] "GET /api/tasks/projects/ HTTP/1.1" 200 275
[03/Apr/2026 20:24:15] "GET /api/accounts/users/ HTTP/1.1" 200 2858
[03/Apr/2026 20:24:15] "GET /api/accounts/users/ HTTP/1.1" 200 2858
[03/Apr/2026 20:24:35] "GET /api/tasks/projects/ HTTP/1.1" 200 275
[03/Apr/2026 20:24:35] "GET /api/tasks/tasks/ HTTP/1.1" 200 979
[03/Apr/2026 20:24:35] "GET /api/tasks/projects/ HTTP/1.1" 200 275
[03/Apr/2026 20:24:35] "GET /api/tasks/tasks/ HTTP/1.1" 200 979
[03/Apr/2026 20:24:35] "GET /api/accounts/users/ HTTP/1.1" 200 2858
[03/Apr/2026 20:24:35] "GET /api/accounts/users/ HTTP/1.1" 200 2858
[03/Apr/2026 20:24:40] "GET /api/tasks/projects/ HTTP/1.1" 200 275
[03/Apr/2026 20:24:40] "GET /api/tasks/tasks/ HTTP/1.1" 200 979
[03/Apr/2026 20:24:40] "GET /api/accounts/users/ HTTP/1.1" 200 2858
[03/Apr/2026 20:24:40] "GET /api/tasks/tasks/ HTTP/1.1" 200 979
[03/Apr/2026 20:24:40] "GET /api/tasks/projects/ HTTP/1.1" 200 275
[03/Apr/2026 20:24:40] "GET /api/accounts/users/ HTTP/1.1" 200 2858
C:\Users\ADMIN\Desktop\StartupOS\tasks_app\views.py changed, reloading.
Watching for file changes with StatReloader
C:\Users\ADMIN\Desktop\StartupOS\tasks_app\views.py changed, reloading.
Watching for file changes with StatReloader
[03/Apr/2026 20:28:26] "GET /api/accounts/me/ HTTP/1.1" 200 2424
[03/Apr/2026 20:28:26] "GET /api/accounts/me/ HTTP/1.1" 200 2424
[03/Apr/2026 20:28:28] "POST /api/accounts/login/ HTTP/1.1" 200 3097
[03/Apr/2026 20:28:28] "GET /api/tasks/tasks/ HTTP/1.1" 200 979
[03/Apr/2026 20:28:28] "GET /api/tasks/projects/ HTTP/1.1" 200 275
[03/Apr/2026 20:28:28] "GET /api/notifications/ HTTP/1.1" 200 375
[03/Apr/2026 20:28:28] "GET /api/tasks/tasks/ HTTP/1.1" 200 979
[03/Apr/2026 20:28:28] "GET /api/tasks/projects/ HTTP/1.1" 200 275
[03/Apr/2026 20:28:28] "GET /api/accounts/users/ HTTP/1.1" 200 2858
[03/Apr/2026 20:28:28] "GET /api/notifications/ HTTP/1.1" 200 375
[03/Apr/2026 20:28:28] "GET /api/accounts/users/ HTTP/1.1" 200 2858
[03/Apr/2026 20:28:36] "GET /api/notifications/ HTTP/1.1" 200 375
[03/Apr/2026 20:28:36] "GET /api/tasks/tasks/ HTTP/1.1" 200 979
[03/Apr/2026 20:28:36] "GET /api/audit-logs/ HTTP/1.1" 200 5293
[03/Apr/2026 20:28:36] "GET /api/requests/ HTTP/1.1" 200 1123
[03/Apr/2026 20:28:36] "GET /api/notifications/ HTTP/1.1" 200 375
[03/Apr/2026 20:28:36] "GET /api/audit-logs/ HTTP/1.1" 200 5293
[03/Apr/2026 20:28:36] "GET /api/tasks/tasks/ HTTP/1.1" 200 979
[03/Apr/2026 20:28:36] "GET /api/requests/ HTTP/1.1" 200 1123
[03/Apr/2026 20:29:00] "GET /api/tasks/projects/ HTTP/1.1" 200 275
[03/Apr/2026 20:29:00] "GET /api/tasks/tasks/ HTTP/1.1" 200 979
[03/Apr/2026 20:29:00] "GET /api/tasks/projects/ HTTP/1.1" 200 275
[03/Apr/2026 20:29:00] "GET /api/tasks/tasks/ HTTP/1.1" 200 979
[03/Apr/2026 20:29:00] "GET /api/accounts/users/ HTTP/1.1" 200 2858
[03/Apr/2026 20:29:00] "GET /api/accounts/users/ HTTP/1.1" 200 2858
[03/Apr/2026 20:29:08] "OPTIONS /api/tasks/tasks/1/ HTTP/1.1" 200 0
[03/Apr/2026 20:29:08] "PATCH /api/tasks/tasks/1/ HTTP/1.1" 200 469
[03/Apr/2026 20:29:08] "GET /api/tasks/tasks/ HTTP/1.1" 200 986
[03/Apr/2026 20:32:15] "POST /api/accounts/logout/ HTTP/1.1" 205 0
[03/Apr/2026 20:32:48] "POST /api/accounts/login/ HTTP/1.1" 200 1255
[03/Apr/2026 20:32:50] "POST /api/accounts/login/ HTTP/1.1" 200 1255
[03/Apr/2026 20:32:50] "GET /api/notifications/ HTTP/1.1" 200 1381
[03/Apr/2026 20:32:50] "GET /api/tasks/tasks/ HTTP/1.1" 200 986
[03/Apr/2026 20:32:50] "GET /api/requests/ HTTP/1.1" 200 1123
[03/Apr/2026 20:32:50] "GET /api/audit-logs/ HTTP/1.1" 200 6025
[03/Apr/2026 20:32:50] "GET /api/tasks/tasks/ HTTP/1.1" 200 986
[03/Apr/2026 20:32:50] "GET /api/notifications/ HTTP/1.1" 200 1381
[03/Apr/2026 20:32:51] "GET /api/audit-logs/ HTTP/1.1" 200 6025
[03/Apr/2026 20:32:51] "GET /api/requests/ HTTP/1.1" 200 1123
[03/Apr/2026 20:32:51] "GET /api/notifications/ HTTP/1.1" 200 1381
[03/Apr/2026 20:32:51] "GET /api/notifications/ HTTP/1.1" 200 1381
[03/Apr/2026 20:32:59] "GET /api/roles/roles/ HTTP/1.1" 200 2063
[03/Apr/2026 20:32:59] "GET /api/accounts/users/ HTTP/1.1" 200 2858
[03/Apr/2026 20:32:59] "GET /api/roles/roles/ HTTP/1.1" 200 2063
[03/Apr/2026 20:32:59] "GET /api/accounts/users/ HTTP/1.1" 200 2858
[03/Apr/2026 20:33:10] "GET /api/roles/permissions/ HTTP/1.1" 200 1060
[03/Apr/2026 20:33:10] "GET /api/roles/roles/ HTTP/1.1" 200 2063
[03/Apr/2026 20:33:10] "GET /api/roles/permissions/ HTTP/1.1" 200 1060
[03/Apr/2026 20:33:10] "GET /api/roles/roles/ HTTP/1.1" 200 2063
[03/Apr/2026 20:34:00] "GET /api/roles/roles/ HTTP/1.1" 200 2063
[03/Apr/2026 20:34:00] "GET /api/accounts/users/ HTTP/1.1" 200 2858
[03/Apr/2026 20:34:00] "GET /api/roles/roles/ HTTP/1.1" 200 2063
[03/Apr/2026 20:34:00] "GET /api/accounts/users/ HTTP/1.1" 200 2858
[03/Apr/2026 20:34:52] "GET /api/roles/permissions/ HTTP/1.1" 200 1060
[03/Apr/2026 20:34:52] "GET /api/roles/roles/ HTTP/1.1" 200 2063
[03/Apr/2026 20:34:52] "GET /api/roles/permissions/ HTTP/1.1" 200 1060
[03/Apr/2026 20:34:52] "GET /api/roles/roles/ HTTP/1.1" 200 2063
[03/Apr/2026 20:36:02] "GET /api/tasks/tasks/ HTTP/1.1" 200 986
[03/Apr/2026 20:36:02] "GET /api/tasks/projects/ HTTP/1.1" 200 275
[03/Apr/2026 20:36:02] "GET /api/tasks/tasks/ HTTP/1.1" 200 986
[03/Apr/2026 20:36:02] "GET /api/tasks/projects/ HTTP/1.1" 200 275
[03/Apr/2026 20:36:02] "GET /api/accounts/users/ HTTP/1.1" 200 2858
[03/Apr/2026 20:36:02] "GET /api/accounts/users/ HTTP/1.1" 200 2858
[03/Apr/2026 20:36:07] "OPTIONS /api/tasks/tasks/2/ HTTP/1.1" 200 0
[03/Apr/2026 20:36:07] "PATCH /api/tasks/tasks/2/ HTTP/1.1" 200 471
[03/Apr/2026 20:36:07] "GET /api/tasks/tasks/ HTTP/1.1" 200 993
[03/Apr/2026 20:36:15] "PATCH /api/tasks/tasks/2/ HTTP/1.1" 200 464
[03/Apr/2026 20:36:15] "GET /api/tasks/tasks/ HTTP/1.1" 200 986
[03/Apr/2026 20:36:19] "PATCH /api/tasks/tasks/2/ HTTP/1.1" 200 464
[03/Apr/2026 20:36:19] "GET /api/tasks/tasks/ HTTP/1.1" 200 986
[03/Apr/2026 20:36:35] "GET /api/requests/ HTTP/1.1" 200 1123
[03/Apr/2026 20:36:35] "GET /api/accounts/users/ HTTP/1.1" 200 2858
[03/Apr/2026 20:36:35] "GET /api/requests/ HTTP/1.1" 200 1123
[03/Apr/2026 20:36:35] "GET /api/accounts/users/ HTTP/1.1" 200 2858
[03/Apr/2026 20:36:35] "GET /api/notifications/ HTTP/1.1" 200 2347
[03/Apr/2026 20:36:35] "GET /api/audit-logs/ HTTP/1.1" 200 6832
[03/Apr/2026 20:36:36] "GET /api/tasks/tasks/ HTTP/1.1" 200 986
[03/Apr/2026 20:36:36] "GET /api/requests/ HTTP/1.1" 200 1123
[03/Apr/2026 20:36:36] "GET /api/audit-logs/ HTTP/1.1" 200 6832
[03/Apr/2026 20:36:36] "GET /api/tasks/tasks/ HTTP/1.1" 200 986
[03/Apr/2026 20:36:36] "GET /api/notifications/ HTTP/1.1" 200 2347
[03/Apr/2026 20:36:36] "GET /api/requests/ HTTP/1.1" 200 1123
[03/Apr/2026 20:43:37] "GET /api/tasks/tasks/ HTTP/1.1" 200 986
[03/Apr/2026 20:43:37] "GET /api/notifications/ HTTP/1.1" 200 2347
[03/Apr/2026 20:43:37] "GET /api/audit-logs/ HTTP/1.1" 200 6832
[03/Apr/2026 20:43:37] "GET /api/notifications/ HTTP/1.1" 200 2347
[03/Apr/2026 20:43:37] "GET /api/requests/ HTTP/1.1" 200 1123
[03/Apr/2026 20:43:37] "GET /api/tasks/tasks/ HTTP/1.1" 200 986
[03/Apr/2026 20:43:37] "GET /api/audit-logs/ HTTP/1.1" 200 6832
[03/Apr/2026 20:43:38] "GET /api/requests/ HTTP/1.1" 200 1123
[03/Apr/2026 20:43:39] "GET /api/requests/ HTTP/1.1" 200 1123
[03/Apr/2026 20:43:39] "GET /api/accounts/users/ HTTP/1.1" 200 2858
[03/Apr/2026 20:43:39] "GET /api/requests/ HTTP/1.1" 200 1123
[03/Apr/2026 20:43:39] "GET /api/accounts/users/ HTTP/1.1" 200 2858
C:\Users\ADMIN\Desktop\StartupOS\config\settings.py changed, reloading.
Watching for file changes with StatReloader
[03/Apr/2026 20:47:59] "GET /api/accounts/me/ HTTP/1.1" 200 585
[03/Apr/2026 20:47:59] "GET /api/accounts/me/ HTTP/1.1" 200 585
[03/Apr/2026 20:47:59,397] - Broken pipe from ('127.0.0.1', 55699)
[03/Apr/2026 20:47:59,404] - Broken pipe from ('127.0.0.1', 53725)
[03/Apr/2026 20:47:59,429] - Broken pipe from ('127.0.0.1', 52149)
[03/Apr/2026 20:47:59,430] - Broken pipe from ('127.0.0.1', 63107)
[03/Apr/2026 20:47:59,447] - Broken pipe from ('127.0.0.1', 63996)
[03/Apr/2026 20:47:59,453] - Broken pipe from ('127.0.0.1', 62209)
[03/Apr/2026 20:47:59,456] - Broken pipe from ('127.0.0.1', 51639)
[03/Apr/2026 20:47:59] "GET /api/accounts/me/ HTTP/1.1" 200 585
[03/Apr/2026 20:47:59] "GET /api/accounts/me/ HTTP/1.1" 200 585
Bad Request: /api/accounts/signup/
[03/Apr/2026 20:49:23] "POST /api/accounts/signup/ HTTP/1.1" 400 110
[03/Apr/2026 20:49:29] "POST /api/accounts/login/ HTTP/1.1" 200 1255
[03/Apr/2026 20:49:30] "GET /api/audit-logs/ HTTP/1.1" 200 6832
[03/Apr/2026 20:49:30] "GET /api/tasks/tasks/ HTTP/1.1" 200 986
[03/Apr/2026 20:49:30] "GET /api/requests/ HTTP/1.1" 200 1123
[03/Apr/2026 20:49:30] "GET /api/notifications/ HTTP/1.1" 200 2347
[03/Apr/2026 20:49:30] "GET /api/notifications/ HTTP/1.1" 200 2347
[03/Apr/2026 20:49:30] "GET /api/tasks/tasks/ HTTP/1.1" 200 986
[03/Apr/2026 20:49:30] "GET /api/audit-logs/ HTTP/1.1" 200 6832
[03/Apr/2026 20:49:30] "GET /api/requests/ HTTP/1.1" 200 1123
[03/Apr/2026 20:49:30] "GET /api/notifications/ HTTP/1.1" 200 2347
[03/Apr/2026 20:49:30] "GET /api/notifications/ HTTP/1.1" 200 2347
[03/Apr/2026 20:49:35] "GET /api/tasks/tasks/ HTTP/1.1" 200 986
[03/Apr/2026 20:49:35] "GET /api/tasks/projects/ HTTP/1.1" 200 275
[03/Apr/2026 20:49:35] "GET /api/tasks/tasks/ HTTP/1.1" 200 986
[03/Apr/2026 20:49:35] "GET /api/tasks/projects/ HTTP/1.1" 200 275
[03/Apr/2026 20:49:35] "GET /api/accounts/users/ HTTP/1.1" 200 2858
[03/Apr/2026 20:49:35] "GET /api/accounts/users/ HTTP/1.1" 200 2858
[03/Apr/2026 20:49:40] "PATCH /api/tasks/tasks/2/ HTTP/1.1" 200 464
[03/Apr/2026 20:49:40] "GET /api/tasks/tasks/ HTTP/1.1" 200 986
[03/Apr/2026 20:49:42] "PATCH /api/tasks/tasks/2/ HTTP/1.1" 200 471
[03/Apr/2026 20:49:42] "GET /api/tasks/tasks/ HTTP/1.1" 200 993
[03/Apr/2026 20:49:44] "GET /api/tasks/activity-logs/?task=2 HTTP/1.1" 200 1841
[03/Apr/2026 20:49:50] "GET /api/tasks/activity-logs/?task=1 HTTP/1.1" 200 358
[03/Apr/2026 20:49:54] "PATCH /api/tasks/tasks/1/ HTTP/1.1" 200 473
[03/Apr/2026 20:49:54] "GET /api/tasks/tasks/ HTTP/1.1" 200 997
[03/Apr/2026 20:49:54] "GET /api/tasks/activity-logs/?task=1 HTTP/1.1" 200 722
[03/Apr/2026 20:50:02] "PATCH /api/tasks/tasks/1/ HTTP/1.1" 200 466
[03/Apr/2026 20:50:02] "GET /api/tasks/tasks/ HTTP/1.1" 200 990
[03/Apr/2026 20:50:02] "GET /api/tasks/activity-logs/?task=1 HTTP/1.1" 200 1029
[03/Apr/2026 20:50:06] "GET /api/tasks/tasks/ HTTP/1.1" 200 990
[03/Apr/2026 20:50:06] "GET /api/notifications/ HTTP/1.1" 200 3640
[03/Apr/2026 20:50:06] "GET /api/audit-logs/ HTTP/1.1" 200 7474
[03/Apr/2026 20:50:06] "GET /api/notifications/ HTTP/1.1" 200 3640
[03/Apr/2026 20:50:06] "GET /api/requests/ HTTP/1.1" 200 1123
[03/Apr/2026 20:50:06] "GET /api/audit-logs/ HTTP/1.1" 200 7474
[03/Apr/2026 20:50:06] "GET /api/tasks/tasks/ HTTP/1.1" 200 990
[03/Apr/2026 20:50:06] "GET /api/requests/ HTTP/1.1" 200 1123
[03/Apr/2026 20:50:13] "OPTIONS /api/audit-logs/26/ HTTP/1.1" 200 0
[03/Apr/2026 20:50:13] "OPTIONS /api/audit-logs/26/ HTTP/1.1" 200 0
[03/Apr/2026 20:50:13] "GET /api/audit-logs/26/ HTTP/1.1" 200 466
[03/Apr/2026 20:50:13] "GET /api/audit-logs/26/ HTTP/1.1" 200 466
[03/Apr/2026 20:50:18] "GET /api/tasks/tasks/ HTTP/1.1" 200 990
[03/Apr/2026 20:50:18] "GET /api/notifications/ HTTP/1.1" 200 3640
[03/Apr/2026 20:50:18] "GET /api/audit-logs/ HTTP/1.1" 200 7474
[03/Apr/2026 20:50:18] "GET /api/requests/ HTTP/1.1" 200 1123
[03/Apr/2026 20:50:18] "GET /api/notifications/ HTTP/1.1" 200 3640
[03/Apr/2026 20:50:18] "GET /api/audit-logs/ HTTP/1.1" 200 7474
[03/Apr/2026 20:50:18] "GET /api/tasks/tasks/ HTTP/1.1" 200 990
[03/Apr/2026 20:50:18] "GET /api/requests/ HTTP/1.1" 200 1123
[03/Apr/2026 20:50:23] "GET /api/requests/ HTTP/1.1" 200 1123
[03/Apr/2026 20:50:23] "GET /api/accounts/users/ HTTP/1.1" 200 2858
[03/Apr/2026 20:50:23] "GET /api/requests/ HTTP/1.1" 200 1123
[03/Apr/2026 20:50:23] "GET /api/accounts/users/ HTTP/1.1" 200 2858
[03/Apr/2026 20:50:24] "GET /api/tasks/projects/ HTTP/1.1" 200 275
[03/Apr/2026 20:50:24] "GET /api/tasks/tasks/ HTTP/1.1" 200 990
[03/Apr/2026 20:50:24] "GET /api/tasks/projects/ HTTP/1.1" 200 275
[03/Apr/2026 20:50:24] "GET /api/accounts/users/ HTTP/1.1" 200 2858
[03/Apr/2026 20:50:24] "GET /api/tasks/tasks/ HTTP/1.1" 200 990
[03/Apr/2026 20:50:24] "GET /api/accounts/users/ HTTP/1.1" 200 2858
[03/Apr/2026 20:50:26] "GET /api/tasks/activity-logs/?task=1 HTTP/1.1" 200 1029
[03/Apr/2026 20:50:31] "PATCH /api/tasks/tasks/1/ HTTP/1.1" 200 462
[03/Apr/2026 20:50:31] "GET /api/tasks/tasks/ HTTP/1.1" 200 986
[03/Apr/2026 20:50:31] "GET /api/tasks/activity-logs/?task=1 HTTP/1.1" 200 1394
[03/Apr/2026 20:50:34] "GET /api/audit-logs/ HTTP/1.1" 200 7610
[03/Apr/2026 20:50:34] "GET /api/notifications/ HTTP/1.1" 200 3640
[03/Apr/2026 20:50:34] "GET /api/tasks/tasks/ HTTP/1.1" 200 986
[03/Apr/2026 20:50:34] "GET /api/audit-logs/ HTTP/1.1" 200 7610
[03/Apr/2026 20:50:34] "GET /api/requests/ HTTP/1.1" 200 1123
[03/Apr/2026 20:50:34] "GET /api/notifications/ HTTP/1.1" 200 3640
[03/Apr/2026 20:50:34] "GET /api/tasks/tasks/ HTTP/1.1" 200 986
[03/Apr/2026 20:50:34] "GET /api/requests/ HTTP/1.1" 200 1123
[03/Apr/2026 20:50:40] "OPTIONS /api/audit-logs/28/ HTTP/1.1" 200 0
[03/Apr/2026 20:50:40] "OPTIONS /api/audit-logs/28/ HTTP/1.1" 200 0
[03/Apr/2026 20:50:40] "GET /api/audit-logs/28/ HTTP/1.1" 200 459
[03/Apr/2026 20:50:40] "GET /api/audit-logs/28/ HTTP/1.1" 200 459
[03/Apr/2026 20:50:50] "GET /api/tasks/tasks/ HTTP/1.1" 200 986
[03/Apr/2026 20:50:50] "GET /api/audit-logs/ HTTP/1.1" 200 7610
[03/Apr/2026 20:50:50] "GET /api/requests/ HTTP/1.1" 200 1123
[03/Apr/2026 20:50:50] "GET /api/notifications/ HTTP/1.1" 200 3640
[03/Apr/2026 20:50:50] "GET /api/tasks/tasks/ HTTP/1.1" 200 986
[03/Apr/2026 20:50:50] "GET /api/audit-logs/ HTTP/1.1" 200 7610
[03/Apr/2026 20:50:50] "GET /api/notifications/ HTTP/1.1" 200 3640
[03/Apr/2026 20:50:50] "GET /api/requests/ HTTP/1.1" 200 1123
[03/Apr/2026 20:52:04] "GET /api/tasks/tasks/ HTTP/1.1" 200 986
[03/Apr/2026 20:52:04] "GET /api/tasks/projects/ HTTP/1.1" 200 275
[03/Apr/2026 20:52:04] "GET /api/tasks/tasks/ HTTP/1.1" 200 986
[03/Apr/2026 20:52:04] "GET /api/tasks/projects/ HTTP/1.1" 200 275
[03/Apr/2026 20:52:04] "GET /api/accounts/users/ HTTP/1.1" 200 2858
[03/Apr/2026 20:52:04] "GET /api/accounts/users/ HTTP/1.1" 200 2858
[03/Apr/2026 20:52:07] "PATCH /api/tasks/tasks/2/ HTTP/1.1" 200 464
[03/Apr/2026 20:52:07] "GET /api/tasks/tasks/ HTTP/1.1" 200 979
[03/Apr/2026 20:52:09] "GET /api/audit-logs/ HTTP/1.1" 200 7742
[03/Apr/2026 20:52:09] "GET /api/notifications/ HTTP/1.1" 200 3963
[03/Apr/2026 20:52:09] "GET /api/tasks/tasks/ HTTP/1.1" 200 979
[03/Apr/2026 20:52:09] "GET /api/requests/ HTTP/1.1" 200 1123
[03/Apr/2026 20:52:09] "GET /api/audit-logs/ HTTP/1.1" 200 7742
[03/Apr/2026 20:52:09] "GET /api/tasks/tasks/ HTTP/1.1" 200 979
[03/Apr/2026 20:52:09] "GET /api/notifications/ HTTP/1.1" 200 3963
[03/Apr/2026 20:52:09] "GET /api/requests/ HTTP/1.1" 200 1123
[03/Apr/2026 20:52:34] "GET /api/requests/ HTTP/1.1" 200 1123
[03/Apr/2026 20:52:34] "GET /api/accounts/users/ HTTP/1.1" 200 2858
[03/Apr/2026 20:52:35] "GET /api/requests/ HTTP/1.1" 200 1123
[03/Apr/2026 20:52:35] "GET /api/accounts/users/ HTTP/1.1" 200 2858
[03/Apr/2026 20:52:43] "GET /api/notifications/ HTTP/1.1" 200 3963
[03/Apr/2026 20:52:43] "GET /api/tasks/tasks/ HTTP/1.1" 200 979
[03/Apr/2026 20:52:43] "GET /api/audit-logs/ HTTP/1.1" 200 7742
[03/Apr/2026 20:52:43] "GET /api/requests/ HTTP/1.1" 200 1123
[03/Apr/2026 20:52:43] "GET /api/notifications/ HTTP/1.1" 200 3963
[03/Apr/2026 20:52:43] "GET /api/tasks/tasks/ HTTP/1.1" 200 979
[03/Apr/2026 20:52:43] "GET /api/audit-logs/ HTTP/1.1" 200 7742
[03/Apr/2026 20:52:43] "GET /api/requests/ HTTP/1.1" 200 1123
[03/Apr/2026 20:58:15] "GET /api/requests/ HTTP/1.1" 200 1123
[03/Apr/2026 20:58:15] "GET /api/accounts/users/ HTTP/1.1" 200 2858
[03/Apr/2026 20:58:15] "GET /api/requests/ HTTP/1.1" 200 1123
[03/Apr/2026 20:58:15] "GET /api/accounts/users/ HTTP/1.1" 200 2858
[03/Apr/2026 20:58:45] "GET /api/accounts/users/ HTTP/1.1" 200 2858
[03/Apr/2026 20:58:45] "GET /api/accounts/users/ HTTP/1.1" 200 2858
[03/Apr/2026 20:59:23] "POST /api/requests/ HTTP/1.1" 201 373
[03/Apr/2026 20:59:23] "GET /api/requests/ HTTP/1.1" 200 1497
[03/Apr/2026 20:59:23] "GET /api/accounts/users/ HTTP/1.1" 200 2858
[03/Apr/2026 20:59:23] "GET /api/requests/ HTTP/1.1" 200 1497
[03/Apr/2026 20:59:23] "GET /api/accounts/users/ HTTP/1.1" 200 2858
[03/Apr/2026 20:59:58] "GET /api/tasks/tasks/ HTTP/1.1" 200 979
[03/Apr/2026 20:59:58] "GET /api/requests/ HTTP/1.1" 200 1497
[03/Apr/2026 20:59:58] "GET /api/tasks/tasks/ HTTP/1.1" 200 979
[03/Apr/2026 20:59:58] "GET /api/audit-logs/ HTTP/1.1" 200 7837
[03/Apr/2026 20:59:58] "GET /api/notifications/ HTTP/1.1" 200 3963
[03/Apr/2026 20:59:58] "GET /api/audit-logs/ HTTP/1.1" 200 7837
[03/Apr/2026 20:59:58] "GET /api/notifications/ HTTP/1.1" 200 3963
[03/Apr/2026 20:59:58] "GET /api/requests/ HTTP/1.1" 200 1497
[03/Apr/2026 21:00:05] "GET /api/tasks/projects/ HTTP/1.1" 200 275
[03/Apr/2026 21:00:05] "GET /api/tasks/tasks/ HTTP/1.1" 200 979
[03/Apr/2026 21:00:05] "GET /api/tasks/projects/ HTTP/1.1" 200 275
[03/Apr/2026 21:00:05] "GET /api/accounts/users/ HTTP/1.1" 200 2858
[03/Apr/2026 21:00:05] "GET /api/tasks/tasks/ HTTP/1.1" 200 979
[03/Apr/2026 21:00:05] "GET /api/accounts/users/ HTTP/1.1" 200 2858
[03/Apr/2026 21:00:08] "PATCH /api/tasks/tasks/2/ HTTP/1.1" 200 464
[03/Apr/2026 21:00:08] "GET /api/tasks/tasks/ HTTP/1.1" 200 979
[03/Apr/2026 21:00:09] "GET /api/audit-logs/ HTTP/1.1" 200 7996
[03/Apr/2026 21:00:09] "GET /api/tasks/tasks/ HTTP/1.1" 200 979
[03/Apr/2026 21:00:09] "GET /api/notifications/ HTTP/1.1" 200 4286
[03/Apr/2026 21:00:09] "GET /api/requests/ HTTP/1.1" 200 1497
[03/Apr/2026 21:00:09] "GET /api/audit-logs/ HTTP/1.1" 200 7996
[03/Apr/2026 21:00:09] "GET /api/tasks/tasks/ HTTP/1.1" 200 979
[03/Apr/2026 21:00:09] "GET /api/notifications/ HTTP/1.1" 200 4286
[03/Apr/2026 21:00:09] "GET /api/requests/ HTTP/1.1" 200 1497
[03/Apr/2026 21:01:23] "OPTIONS /api/audit-logs/31/ HTTP/1.1" 200 0
[03/Apr/2026 21:01:23] "GET /api/audit-logs/31/ HTTP/1.1" 200 455
[03/Apr/2026 21:01:23] "GET /api/audit-logs/31/ HTTP/1.1" 200 455
[03/Apr/2026 21:01:27] "GET /api/tasks/tasks/ HTTP/1.1" 200 979
[03/Apr/2026 21:01:27] "GET /api/audit-logs/ HTTP/1.1" 200 7996
[03/Apr/2026 21:01:27] "GET /api/notifications/ HTTP/1.1" 200 4286
[03/Apr/2026 21:01:27] "GET /api/requests/ HTTP/1.1" 200 1497
[03/Apr/2026 21:01:27] "GET /api/tasks/tasks/ HTTP/1.1" 200 979
[03/Apr/2026 21:01:27] "GET /api/audit-logs/ HTTP/1.1" 200 7996
[03/Apr/2026 21:01:27] "GET /api/notifications/ HTTP/1.1" 200 4286
[03/Apr/2026 21:01:27] "GET /api/requests/ HTTP/1.1" 200 1497
[03/Apr/2026 21:01:29] "GET /api/audit-logs/31/ HTTP/1.1" 200 455
[03/Apr/2026 21:01:29] "GET /api/audit-logs/31/ HTTP/1.1" 200 455
[03/Apr/2026 21:01:38] "GET /api/audit-logs/ HTTP/1.1" 200 7996
[03/Apr/2026 21:01:38] "GET /api/notifications/ HTTP/1.1" 200 4286
[03/Apr/2026 21:01:38] "GET /api/tasks/tasks/ HTTP/1.1" 200 979
[03/Apr/2026 21:01:38] "GET /api/audit-logs/ HTTP/1.1" 200 7996
[03/Apr/2026 21:01:38] "GET /api/tasks/tasks/ HTTP/1.1" 200 979
[03/Apr/2026 21:01:38] "GET /api/notifications/ HTTP/1.1" 200 4286
[03/Apr/2026 21:01:38] "GET /api/requests/ HTTP/1.1" 200 1497
[03/Apr/2026 21:01:38] "GET /api/requests/ HTTP/1.1" 200 1497
[03/Apr/2026 21:02:57] "GET /api/requests/ HTTP/1.1" 200 1497
[03/Apr/2026 21:02:57] "GET /api/accounts/users/ HTTP/1.1" 200 2858
[03/Apr/2026 21:02:57] "GET /api/requests/ HTTP/1.1" 200 1497
[03/Apr/2026 21:02:57] "GET /api/accounts/users/ HTTP/1.1" 200 2858
[03/Apr/2026 21:03:20] "GET /api/notifications/ HTTP/1.1" 200 4286
[03/Apr/2026 21:03:20] "GET /api/tasks/tasks/ HTTP/1.1" 200 979
[03/Apr/2026 21:03:20] "GET /api/audit-logs/ HTTP/1.1" 200 7996
[03/Apr/2026 21:03:20] "GET /api/notifications/ HTTP/1.1" 200 4286
[03/Apr/2026 21:03:20] "GET /api/audit-logs/ HTTP/1.1" 200 7996
[03/Apr/2026 21:03:20] "GET /api/tasks/tasks/ HTTP/1.1" 200 979
[03/Apr/2026 21:03:20] "GET /api/requests/ HTTP/1.1" 200 1497
[03/Apr/2026 21:03:20] "GET /api/requests/ HTTP/1.1" 200 1497
[03/Apr/2026 21:03:21] "GET /api/requests/ HTTP/1.1" 200 1497
[03/Apr/2026 21:03:21] "GET /api/accounts/users/ HTTP/1.1" 200 2858
[03/Apr/2026 21:03:21] "GET /api/requests/ HTTP/1.1" 200 1497
[03/Apr/2026 21:03:21] "GET /api/accounts/users/ HTTP/1.1" 200 2858
[03/Apr/2026 21:05:14] "OPTIONS /api/accounts/users/ HTTP/1.1" 200 0
[03/Apr/2026 21:05:14] "OPTIONS /api/tasks/tasks/ HTTP/1.1" 200 0
[03/Apr/2026 21:05:14] "OPTIONS /api/tasks/tasks/ HTTP/1.1" 200 0
[03/Apr/2026 21:05:14] "OPTIONS /api/accounts/users/ HTTP/1.1" 200 0
[03/Apr/2026 21:05:14] "GET /api/tasks/projects/ HTTP/1.1" 200 275
[03/Apr/2026 21:05:14] "GET /api/tasks/tasks/ HTTP/1.1" 200 979
[03/Apr/2026 21:05:14] "GET /api/tasks/projects/ HTTP/1.1" 200 275
[03/Apr/2026 21:05:14] "GET /api/accounts/users/ HTTP/1.1" 200 2858
[03/Apr/2026 21:05:14] "GET /api/tasks/tasks/ HTTP/1.1" 200 979
[03/Apr/2026 21:05:14] "GET /api/accounts/users/ HTTP/1.1" 200 2858
[03/Apr/2026 21:05:29] "OPTIONS /api/requests/ HTTP/1.1" 200 0
[03/Apr/2026 21:05:29] "OPTIONS /api/requests/ HTTP/1.1" 200 0
[03/Apr/2026 21:05:29] "GET /api/requests/ HTTP/1.1" 200 1497
[03/Apr/2026 21:05:29] "GET /api/accounts/users/ HTTP/1.1" 200 2858
[03/Apr/2026 21:05:29] "GET /api/requests/ HTTP/1.1" 200 1497
[03/Apr/2026 21:05:29] "GET /api/accounts/users/ HTTP/1.1" 200 2858
[03/Apr/2026 21:05:44] "POST /api/requests/ HTTP/1.1" 201 381
[03/Apr/2026 21:05:44] "GET /api/requests/ HTTP/1.1" 200 1879
[03/Apr/2026 21:05:47] "GET /api/accounts/users/ HTTP/1.1" 200 2858
[03/Apr/2026 21:05:47] "GET /api/accounts/users/ HTTP/1.1" 200 2858
[03/Apr/2026 21:05:50] "GET /api/requests/ HTTP/1.1" 200 1879
[03/Apr/2026 21:05:50] "GET /api/accounts/users/ HTTP/1.1" 200 2858
[03/Apr/2026 21:05:50] "GET /api/requests/ HTTP/1.1" 200 1879
[03/Apr/2026 21:05:50] "GET /api/accounts/users/ HTTP/1.1" 200 2858
Unauthorized: /api/accounts/me/
[03/Apr/2026 21:32:08] "GET /api/accounts/me/ HTTP/1.1" 401 183
Unauthorized: /api/accounts/me/
[03/Apr/2026 21:32:08] "GET /api/accounts/me/ HTTP/1.1" 401 183
[03/Apr/2026 21:32:08] "POST /api/accounts/token/refresh/ HTTP/1.1" 200 662
[03/Apr/2026 21:32:08] "GET /api/accounts/me/ HTTP/1.1" 200 585
[03/Apr/2026 21:32:08] "GET /api/accounts/me/ HTTP/1.1" 200 585
[03/Apr/2026 21:32:12] "OPTIONS /api/accounts/login/ HTTP/1.1" 200 0
[03/Apr/2026 21:32:13] "POST /api/accounts/login/ HTTP/1.1" 200 1255
[03/Apr/2026 21:32:13] "OPTIONS /api/notifications/ HTTP/1.1" 200 0
[03/Apr/2026 21:32:13] "OPTIONS /api/notifications/ HTTP/1.1" 200 0
[03/Apr/2026 21:32:13] "GET /api/notifications/ HTTP/1.1" 200 4286
[03/Apr/2026 21:32:13] "GET /api/accounts/users/ HTTP/1.1" 200 2858
[03/Apr/2026 21:32:13] "GET /api/requests/ HTTP/1.1" 200 1879
[03/Apr/2026 21:32:13] "GET /api/notifications/ HTTP/1.1" 200 4286
[03/Apr/2026 21:32:13] "GET /api/requests/ HTTP/1.1" 200 1879
[03/Apr/2026 21:32:13] "GET /api/accounts/users/ HTTP/1.1" 200 2858
[03/Apr/2026 21:32:23] "OPTIONS /api/audit-logs/ HTTP/1.1" 200 0
[03/Apr/2026 21:32:23] "OPTIONS /api/audit-logs/ HTTP/1.1" 200 0
[03/Apr/2026 21:32:23] "GET /api/notifications/ HTTP/1.1" 200 4286
[03/Apr/2026 21:32:23] "GET /api/tasks/tasks/ HTTP/1.1" 200 979
[03/Apr/2026 21:32:23] "GET /api/audit-logs/ HTTP/1.1" 200 8113
[03/Apr/2026 21:32:23] "GET /api/requests/ HTTP/1.1" 200 1879
[03/Apr/2026 21:32:23] "GET /api/notifications/ HTTP/1.1" 200 4286
[03/Apr/2026 21:32:23] "GET /api/tasks/tasks/ HTTP/1.1" 200 979
[03/Apr/2026 21:32:23] "GET /api/audit-logs/ HTTP/1.1" 200 8113
[03/Apr/2026 21:32:23] "GET /api/requests/ HTTP/1.1" 200 1879
[03/Apr/2026 21:32:37] "GET /api/requests/ HTTP/1.1" 200 1879
[03/Apr/2026 21:32:37] "GET /api/accounts/users/ HTTP/1.1" 200 2858
[03/Apr/2026 21:32:37] "GET /api/requests/ HTTP/1.1" 200 1879
[03/Apr/2026 21:32:37] "GET /api/accounts/users/ HTTP/1.1" 200 2858
[03/Apr/2026 21:33:23] "GET /api/accounts/users/ HTTP/1.1" 200 2858
[03/Apr/2026 21:33:23] "GET /api/accounts/users/ HTTP/1.1" 200 2858
[03/Apr/2026 21:33:27] "GET /api/requests/ HTTP/1.1" 200 1879
[03/Apr/2026 21:33:27] "GET /api/accounts/users/ HTTP/1.1" 200 2858
[03/Apr/2026 21:33:27] "GET /api/requests/ HTTP/1.1" 200 1879
[03/Apr/2026 21:33:27] "GET /api/accounts/users/ HTTP/1.1" 200 2858
[03/Apr/2026 21:34:10] "OPTIONS /api/requests/3/ HTTP/1.1" 200 0
[03/Apr/2026 21:34:10] "GET /api/requests/3/ HTTP/1.1" 200 381
[03/Apr/2026 21:34:10] "GET /api/accounts/users/ HTTP/1.1" 200 2858
[03/Apr/2026 21:34:10] "GET /api/requests/3/ HTTP/1.1" 200 381
[03/Apr/2026 21:34:10] "GET /api/accounts/users/ HTTP/1.1" 200 2858
[03/Apr/2026 21:34:30] "OPTIONS /api/requests/3/workflow/ HTTP/1.1" 200 0
[03/Apr/2026 21:34:30] "POST /api/requests/3/workflow/ HTTP/1.1" 201 224
[03/Apr/2026 21:34:30] "GET /api/requests/3/ HTTP/1.1" 200 606
[03/Apr/2026 21:34:37] "POST /api/requests/3/workflow/ HTTP/1.1" 201 225
[03/Apr/2026 21:34:37] "GET /api/requests/3/ HTTP/1.1" 200 832
[03/Apr/2026 21:34:39] "POST /api/requests/3/workflow/ HTTP/1.1" 201 224
[03/Apr/2026 21:34:39] "GET /api/requests/3/ HTTP/1.1" 200 1057
[03/Apr/2026 21:34:40] "POST /api/requests/3/workflow/ HTTP/1.1" 201 225
[03/Apr/2026 21:34:40] "GET /api/requests/3/ HTTP/1.1" 200 1283
[03/Apr/2026 21:34:41] "POST /api/requests/3/workflow/ HTTP/1.1" 201 224
[03/Apr/2026 21:34:41] "GET /api/requests/3/ HTTP/1.1" 200 1508
[03/Apr/2026 21:36:01] "GET /api/requests/ HTTP/1.1" 200 3006
[03/Apr/2026 21:36:01] "GET /api/accounts/users/ HTTP/1.1" 200 2858
[03/Apr/2026 21:36:01] "GET /api/accounts/users/ HTTP/1.1" 200 2858
[03/Apr/2026 21:36:01] "GET /api/requests/ HTTP/1.1" 200 3006
[03/Apr/2026 21:36:08] "OPTIONS /api/tasks/projects/ HTTP/1.1" 200 0
[03/Apr/2026 21:36:08] "OPTIONS /api/tasks/projects/ HTTP/1.1" 200 0
[03/Apr/2026 21:36:08] "GET /api/tasks/projects/ HTTP/1.1" 200 275
[03/Apr/2026 21:36:08] "GET /api/tasks/tasks/ HTTP/1.1" 200 979
[03/Apr/2026 21:36:08] "GET /api/tasks/tasks/ HTTP/1.1" 200 979
[03/Apr/2026 21:36:08] "GET /api/tasks/projects/ HTTP/1.1" 200 275
[03/Apr/2026 21:36:08] "GET /api/accounts/users/ HTTP/1.1" 200 2858
[03/Apr/2026 21:36:08] "GET /api/accounts/users/ HTTP/1.1" 200 2858
Bad Request: /api/tasks/tasks/
[03/Apr/2026 21:36:48] "POST /api/tasks/tasks/ HTTP/1.1" 400 42
Bad Request: /api/tasks/tasks/
[03/Apr/2026 21:36:56] "POST /api/tasks/tasks/ HTTP/1.1" 400 42
[03/Apr/2026 21:37:01] "POST /api/tasks/tasks/ HTTP/1.1" 201 360
[03/Apr/2026 21:37:01] "GET /api/tasks/tasks/ HTTP/1.1" 200 1340
[03/Apr/2026 21:37:01] "OPTIONS /api/tasks/activity-logs/?task=3 HTTP/1.1" 200 0
[03/Apr/2026 21:37:01] "GET /api/tasks/activity-logs/?task=3 HTTP/1.1" 200 334
[03/Apr/2026 21:37:54] "PATCH /api/tasks/tasks/2/ HTTP/1.1" 200 471
[03/Apr/2026 21:37:54] "GET /api/tasks/tasks/ HTTP/1.1" 200 1347
[03/Apr/2026 21:38:01] "PATCH /api/tasks/tasks/2/ HTTP/1.1" 200 464
[03/Apr/2026 21:38:02] "GET /api/tasks/tasks/ HTTP/1.1" 200 1340
[03/Apr/2026 21:39:19] "OPTIONS /api/tasks/tasks/3/ HTTP/1.1" 200 0
[03/Apr/2026 21:39:19] "PATCH /api/tasks/tasks/3/ HTTP/1.1" 200 367
[03/Apr/2026 21:39:19] "GET /api/tasks/tasks/ HTTP/1.1" 200 1347
[03/Apr/2026 21:39:19] "GET /api/tasks/activity-logs/?task=3 HTTP/1.1" 200 642
[03/Apr/2026 21:39:23] "PATCH /api/tasks/tasks/3/ HTTP/1.1" 200 360
[03/Apr/2026 21:39:23] "GET /api/tasks/tasks/ HTTP/1.1" 200 1340
[03/Apr/2026 21:39:23] "GET /api/tasks/activity-logs/?task=3 HTTP/1.1" 200 950
[03/Apr/2026 21:39:31] "GET /api/audit-logs/ HTTP/1.1" 200 9701
[03/Apr/2026 21:39:31] "GET /api/tasks/tasks/ HTTP/1.1" 200 1340
[03/Apr/2026 21:39:31] "GET /api/notifications/ HTTP/1.1" 200 4932
[03/Apr/2026 21:39:31] "GET /api/audit-logs/ HTTP/1.1" 200 9701
[03/Apr/2026 21:39:31] "GET /api/tasks/tasks/ HTTP/1.1" 200 1340
[03/Apr/2026 21:39:31] "GET /api/notifications/ HTTP/1.1" 200 4932
[03/Apr/2026 21:39:31] "GET /api/requests/ HTTP/1.1" 200 3006
[03/Apr/2026 21:39:31] "GET /api/requests/ HTTP/1.1" 200 3006
[03/Apr/2026 21:39:35] "OPTIONS /api/audit-logs/42/ HTTP/1.1" 200 0
[03/Apr/2026 21:39:35] "OPTIONS /api/audit-logs/42/ HTTP/1.1" 200 0
[03/Apr/2026 21:39:35] "GET /api/audit-logs/42/ HTTP/1.1" 200 436
[03/Apr/2026 21:39:35] "GET /api/audit-logs/42/ HTTP/1.1" 200 436
[03/Apr/2026 21:39:40] "GET /api/tasks/tasks/ HTTP/1.1" 200 1340
[03/Apr/2026 21:39:40] "GET /api/tasks/projects/ HTTP/1.1" 200 275
[03/Apr/2026 21:39:40] "GET /api/tasks/projects/ HTTP/1.1" 200 275
[03/Apr/2026 21:39:40] "GET /api/tasks/tasks/ HTTP/1.1" 200 1340
[03/Apr/2026 21:39:40] "GET /api/accounts/users/ HTTP/1.1" 200 2858
[03/Apr/2026 21:39:40] "GET /api/accounts/users/ HTTP/1.1" 200 2858
[03/Apr/2026 21:41:21] "OPTIONS /api/roles/roles/ HTTP/1.1" 200 0
[03/Apr/2026 21:41:21] "OPTIONS /api/roles/roles/ HTTP/1.1" 200 0
[03/Apr/2026 21:41:21] "GET /api/roles/roles/ HTTP/1.1" 200 2063
[03/Apr/2026 21:41:21] "GET /api/accounts/users/ HTTP/1.1" 200 2858
[03/Apr/2026 21:41:21] "GET /api/roles/roles/ HTTP/1.1" 200 2063
[03/Apr/2026 21:41:21] "GET /api/accounts/users/ HTTP/1.1" 200 2858
[03/Apr/2026 21:41:25] "OPTIONS /api/roles/permissions/ HTTP/1.1" 200 0
[03/Apr/2026 21:41:25] "OPTIONS /api/roles/permissions/ HTTP/1.1" 200 0
[03/Apr/2026 21:41:25] "GET /api/roles/permissions/ HTTP/1.1" 200 1060
[03/Apr/2026 21:41:25] "GET /api/roles/roles/ HTTP/1.1" 200 2063
[03/Apr/2026 21:41:25] "GET /api/roles/permissions/ HTTP/1.1" 200 1060
[03/Apr/2026 21:41:25] "GET /api/roles/roles/ HTTP/1.1" 200 2063
[03/Apr/2026 21:41:51] "OPTIONS /api/roles/role-permissions/ HTTP/1.1" 200 0
[03/Apr/2026 21:41:51] "OPTIONS /api/roles/role-permissions/ HTTP/1.1" 200 0
[03/Apr/2026 21:41:51] "OPTIONS /api/roles/role-permissions/ HTTP/1.1" 200 0
[03/Apr/2026 21:41:51] "OPTIONS /api/roles/role-permissions/ HTTP/1.1" 200 0
[03/Apr/2026 21:41:51] "OPTIONS /api/roles/role-permissions/ HTTP/1.1" 200 0
[03/Apr/2026 21:41:51] "POST /api/roles/role-permissions/ HTTP/1.1" 201 339
[03/Apr/2026 21:41:51] "POST /api/roles/role-permissions/ HTTP/1.1" 201 338
[03/Apr/2026 21:41:51] "POST /api/roles/role-permissions/ HTTP/1.1" 201 329
[03/Apr/2026 21:41:51] "POST /api/roles/role-permissions/ HTTP/1.1" 201 331
[03/Apr/2026 21:41:51] "POST /api/roles/role-permissions/ HTTP/1.1" 201 338
[03/Apr/2026 21:41:51] "GET /api/roles/roles/ HTTP/1.1" 200 3742
[03/Apr/2026 21:42:02] "GET /api/roles/roles/ HTTP/1.1" 200 3742
[03/Apr/2026 21:42:02] "GET /api/accounts/users/ HTTP/1.1" 200 2858
[03/Apr/2026 21:42:02] "GET /api/roles/roles/ HTTP/1.1" 200 3742
[03/Apr/2026 21:42:02] "GET /api/accounts/users/ HTTP/1.1" 200 2858
[03/Apr/2026 21:42:04] "GET /api/tasks/tasks/ HTTP/1.1" 200 1340
[03/Apr/2026 21:42:04] "GET /api/tasks/projects/ HTTP/1.1" 200 275
[03/Apr/2026 21:42:04] "GET /api/tasks/tasks/ HTTP/1.1" 200 1340
[03/Apr/2026 21:42:04] "GET /api/tasks/projects/ HTTP/1.1" 200 275
[03/Apr/2026 21:42:04] "GET /api/accounts/users/ HTTP/1.1" 200 2858
[03/Apr/2026 21:42:04] "GET /api/accounts/users/ HTTP/1.1" 200 2858
[03/Apr/2026 21:42:06] "GET /api/requests/ HTTP/1.1" 200 3006
[03/Apr/2026 21:42:06] "GET /api/accounts/users/ HTTP/1.1" 200 2858
[03/Apr/2026 21:42:06] "GET /api/requests/ HTTP/1.1" 200 3006
[03/Apr/2026 21:42:06] "GET /api/accounts/users/ HTTP/1.1" 200 2858
[03/Apr/2026 21:42:10] "GET /api/requests/3/ HTTP/1.1" 200 1508
[03/Apr/2026 21:42:10] "GET /api/accounts/users/ HTTP/1.1" 200 2858
[03/Apr/2026 21:42:10] "GET /api/requests/3/ HTTP/1.1" 200 1508
[03/Apr/2026 21:42:10] "GET /api/accounts/users/ HTTP/1.1" 200 2858
[03/Apr/2026 21:42:19] "GET /api/requests/ HTTP/1.1" 200 3006
[03/Apr/2026 21:42:19] "GET /api/accounts/users/ HTTP/1.1" 200 2858
[03/Apr/2026 21:42:19] "GET /api/requests/ HTTP/1.1" 200 3006
[03/Apr/2026 21:42:19] "GET /api/accounts/users/ HTTP/1.1" 200 2858
[03/Apr/2026 21:42:22] "OPTIONS /api/requests/2/ HTTP/1.1" 200 0
[03/Apr/2026 21:42:22] "GET /api/accounts/users/ HTTP/1.1" 200 2858
[03/Apr/2026 21:42:22] "GET /api/requests/2/ HTTP/1.1" 200 373
[03/Apr/2026 21:42:22] "GET /api/accounts/users/ HTTP/1.1" 200 2858
[03/Apr/2026 21:42:22] "GET /api/requests/2/ HTTP/1.1" 200 373
[03/Apr/2026 21:42:24] "OPTIONS /api/requests/2/workflow/ HTTP/1.1" 200 0
[03/Apr/2026 21:42:24] "POST /api/requests/2/workflow/ HTTP/1.1" 201 223
[03/Apr/2026 21:42:24] "GET /api/requests/2/ HTTP/1.1" 200 596
[03/Apr/2026 21:43:03] "GET /api/roles/permissions/ HTTP/1.1" 200 1060
[03/Apr/2026 21:43:03] "GET /api/roles/roles/ HTTP/1.1" 200 3742
[03/Apr/2026 21:43:03] "GET /api/roles/permissions/ HTTP/1.1" 200 1060
[03/Apr/2026 21:43:03] "GET /api/roles/roles/ HTTP/1.1" 200 3742
[03/Apr/2026 21:44:33] "GET /api/roles/roles/ HTTP/1.1" 200 3742
[03/Apr/2026 21:44:33] "GET /api/accounts/users/ HTTP/1.1" 200 2858
[03/Apr/2026 21:44:33] "GET /api/roles/roles/ HTTP/1.1" 200 3742
[03/Apr/2026 21:44:33] "GET /api/accounts/users/ HTTP/1.1" 200 2858
[03/Apr/2026 21:45:00] "GET /api/roles/permissions/ HTTP/1.1" 200 1060
[03/Apr/2026 21:45:00] "GET /api/roles/roles/ HTTP/1.1" 200 3742
[03/Apr/2026 21:45:00] "GET /api/roles/permissions/ HTTP/1.1" 200 1060
[03/Apr/2026 21:45:00] "GET /api/roles/roles/ HTTP/1.1" 200 3742
[03/Apr/2026 21:45:37] "OPTIONS /api/accounts/logout/ HTTP/1.1" 200 0
[03/Apr/2026 21:45:37] "POST /api/accounts/logout/ HTTP/1.1" 205 0
C:\Users\ADMIN\Desktop\StartupOS\roles_permissions\constants.py changed, reloading.
Watching for file changes with StatReloader
C:\Users\ADMIN\Desktop\StartupOS\roles_permissions\views.py changed, reloading.
Watching for file changes with StatReloader
C:\Users\ADMIN\Desktop\StartupOS\tasks_app\views.py changed, reloading.
Watching for file changes with StatReloader
C:\Users\ADMIN\Desktop\StartupOS\requests_app\views.py changed, reloading.
Watching for file changes with StatReloader
C:\Users\ADMIN\Desktop\StartupOS\tasks_app\views.py changed, reloading.
Watching for file changes with StatReloader
[03/Apr/2026 22:18:34] "POST /api/accounts/login/ HTTP/1.1" 200 1255
[03/Apr/2026 22:18:36] "POST /api/accounts/login/ HTTP/1.1" 200 1255
[03/Apr/2026 22:18:36] "GET /api/roles/permissions/ HTTP/1.1" 200 1060
[03/Apr/2026 22:18:36] "GET /api/roles/roles/ HTTP/1.1" 200 3742
[03/Apr/2026 22:18:36] "GET /api/notifications/ HTTP/1.1" 200 4932
[03/Apr/2026 22:18:36] "GET /api/roles/permissions/ HTTP/1.1" 200 1060
[03/Apr/2026 22:18:36] "GET /api/roles/roles/ HTTP/1.1" 200 3742
[03/Apr/2026 22:18:36] "GET /api/notifications/ HTTP/1.1" 200 4932
[03/Apr/2026 22:18:40] "GET /api/tasks/tasks/ HTTP/1.1" 200 1340
[03/Apr/2026 22:18:40] "GET /api/notifications/ HTTP/1.1" 200 4932
[03/Apr/2026 22:18:40] "GET /api/tasks/tasks/ HTTP/1.1" 200 1340
[03/Apr/2026 22:18:40] "GET /api/audit-logs/ HTTP/1.1" 200 8952
[03/Apr/2026 22:18:40] "GET /api/requests/ HTTP/1.1" 200 3229
[03/Apr/2026 22:18:40] "GET /api/notifications/ HTTP/1.1" 200 4932
[03/Apr/2026 22:18:40] "GET /api/audit-logs/ HTTP/1.1" 200 8952
[03/Apr/2026 22:18:40] "GET /api/requests/ HTTP/1.1" 200 3229
[03/Apr/2026 22:18:54] "OPTIONS /api/audit-logs/49/ HTTP/1.1" 200 0
[03/Apr/2026 22:18:54] "OPTIONS /api/audit-logs/49/ HTTP/1.1" 200 0
[03/Apr/2026 22:18:54] "GET /api/audit-logs/49/ HTTP/1.1" 200 266
[03/Apr/2026 22:18:54] "GET /api/audit-logs/49/ HTTP/1.1" 200 266
[03/Apr/2026 22:18:59] "GET /api/accounts/users/ HTTP/1.1" 200 2858
[03/Apr/2026 22:18:59] "GET /api/requests/ HTTP/1.1" 200 3229
[03/Apr/2026 22:18:59] "GET /api/accounts/users/ HTTP/1.1" 200 2858
[03/Apr/2026 22:18:59] "GET /api/requests/ HTTP/1.1" 200 3229
[03/Apr/2026 22:19:03] "GET /api/tasks/tasks/ HTTP/1.1" 200 1340
[03/Apr/2026 22:19:03] "GET /api/audit-logs/ HTTP/1.1" 200 8952
[03/Apr/2026 22:19:03] "GET /api/tasks/tasks/ HTTP/1.1" 200 1340
[03/Apr/2026 22:19:03] "GET /api/notifications/ HTTP/1.1" 200 4932
[03/Apr/2026 22:19:03] "GET /api/requests/ HTTP/1.1" 200 3229
[03/Apr/2026 22:19:03] "GET /api/requests/ HTTP/1.1" 200 3229
[03/Apr/2026 22:19:03] "GET /api/notifications/ HTTP/1.1" 200 4932
[03/Apr/2026 22:19:03] "GET /api/audit-logs/ HTTP/1.1" 200 8952
[03/Apr/2026 22:19:09] "GET /api/tasks/tasks/ HTTP/1.1" 200 1340
[03/Apr/2026 22:19:09] "GET /api/tasks/projects/ HTTP/1.1" 200 275
[03/Apr/2026 22:19:09] "GET /api/accounts/users/ HTTP/1.1" 200 2858
[03/Apr/2026 22:19:09] "GET /api/tasks/projects/ HTTP/1.1" 200 275
[03/Apr/2026 22:19:09] "GET /api/tasks/tasks/ HTTP/1.1" 200 1340
[03/Apr/2026 22:19:09] "GET /api/accounts/users/ HTTP/1.1" 200 2858
[03/Apr/2026 22:19:20] "GET /api/roles/roles/ HTTP/1.1" 200 3742
[03/Apr/2026 22:19:20] "GET /api/accounts/users/ HTTP/1.1" 200 2858
[03/Apr/2026 22:19:20] "GET /api/roles/roles/ HTTP/1.1" 200 3742
[03/Apr/2026 22:19:20] "GET /api/accounts/users/ HTTP/1.1" 200 2858
[03/Apr/2026 22:19:34] "GET /api/roles/permissions/ HTTP/1.1" 200 1060
[03/Apr/2026 22:19:34] "GET /api/roles/roles/ HTTP/1.1" 200 3742
[03/Apr/2026 22:19:34] "GET /api/roles/permissions/ HTTP/1.1" 200 1060
[03/Apr/2026 22:19:34] "GET /api/roles/roles/ HTTP/1.1" 200 3742
[03/Apr/2026 22:19:48] "GET /api/roles/roles/ HTTP/1.1" 200 3742
[03/Apr/2026 22:19:48] "GET /api/accounts/users/ HTTP/1.1" 200 2858
[03/Apr/2026 22:19:48] "GET /api/roles/roles/ HTTP/1.1" 200 3742
[03/Apr/2026 22:19:48] "GET /api/accounts/users/ HTTP/1.1" 200 2858
[03/Apr/2026 22:19:59] "OPTIONS /api/accounts/users/3/ HTTP/1.1" 200 0
[03/Apr/2026 22:19:59] "PATCH /api/accounts/users/3/ HTTP/1.1" 200 102
[03/Apr/2026 22:19:59] "GET /api/accounts/users/ HTTP/1.1" 200 4702
[03/Apr/2026 22:20:11] "OPTIONS /api/accounts/users/4/ HTTP/1.1" 200 0
[03/Apr/2026 22:20:11] "PATCH /api/accounts/users/4/ HTTP/1.1" 200 100
[03/Apr/2026 22:20:11] "GET /api/accounts/users/ HTTP/1.1" 200 4702
[03/Apr/2026 22:20:14] "GET /api/roles/permissions/ HTTP/1.1" 200 1060
[03/Apr/2026 22:20:14] "GET /api/roles/roles/ HTTP/1.1" 200 3742
[03/Apr/2026 22:20:14] "GET /api/roles/permissions/ HTTP/1.1" 200 1060
[03/Apr/2026 22:20:14] "GET /api/roles/roles/ HTTP/1.1" 200 3742
[03/Apr/2026 22:20:29] "POST /api/roles/roles/ HTTP/1.1" 201 174
[03/Apr/2026 22:20:29] "GET /api/roles/roles/ HTTP/1.1" 200 3917
[03/Apr/2026 22:20:33] "GET /api/roles/roles/ HTTP/1.1" 200 3917
[03/Apr/2026 22:20:33] "GET /api/roles/roles/ HTTP/1.1" 200 3917
[03/Apr/2026 22:20:33] "GET /api/accounts/users/ HTTP/1.1" 200 4702
[03/Apr/2026 22:20:33] "GET /api/accounts/users/ HTTP/1.1" 200 4702
[03/Apr/2026 22:20:38] "PATCH /api/accounts/users/4/ HTTP/1.1" 200 100
[03/Apr/2026 22:20:38] "GET /api/accounts/users/ HTTP/1.1" 200 3031
[03/Apr/2026 22:20:52] "OPTIONS /api/accounts/me/ HTTP/1.1" 200 0
[03/Apr/2026 22:20:52] "OPTIONS /api/accounts/me/ HTTP/1.1" 200 0
[03/Apr/2026 22:20:52] "GET /api/accounts/me/ HTTP/1.1" 200 2429
[03/Apr/2026 22:20:52] "GET /api/accounts/me/ HTTP/1.1" 200 2429
[03/Apr/2026 22:20:59] "POST /api/accounts/login/ HTTP/1.1" 200 1346
[03/Apr/2026 22:20:59] "GET /api/notifications/ HTTP/1.1" 200 3372
[03/Apr/2026 22:20:59] "GET /api/tasks/tasks/ HTTP/1.1" 200 1340
[03/Apr/2026 22:20:59] "GET /api/audit-logs/ HTTP/1.1" 200 8187
[03/Apr/2026 22:20:59] "GET /api/audit-logs/ HTTP/1.1" 200 8187
[03/Apr/2026 22:20:59] "GET /api/requests/ HTTP/1.1" 200 3229
[03/Apr/2026 22:20:59] "GET /api/notifications/ HTTP/1.1" 200 3372
[03/Apr/2026 22:20:59] "GET /api/tasks/tasks/ HTTP/1.1" 200 1340
[03/Apr/2026 22:20:59] "GET /api/notifications/ HTTP/1.1" 200 3372
[03/Apr/2026 22:20:59] "GET /api/requests/ HTTP/1.1" 200 3229
[03/Apr/2026 22:20:59] "GET /api/notifications/ HTTP/1.1" 200 3372
Forbidden: /api/accounts/users/
[03/Apr/2026 22:21:39] "GET /api/accounts/users/ HTTP/1.1" 403 63
Forbidden: /api/accounts/users/
[03/Apr/2026 22:21:39] "GET /api/accounts/users/ HTTP/1.1" 403 63
[03/Apr/2026 22:21:39] "GET /api/requests/ HTTP/1.1" 200 3229
[03/Apr/2026 22:21:39] "GET /api/requests/ HTTP/1.1" 200 3229
Forbidden: /api/tasks/projects/
[03/Apr/2026 22:21:40] "GET /api/tasks/projects/ HTTP/1.1" 403 63
Forbidden: /api/accounts/users/
[03/Apr/2026 22:21:40] "GET /api/accounts/users/ HTTP/1.1" 403 63
[03/Apr/2026 22:21:40] "GET /api/tasks/tasks/ HTTP/1.1" 200 1340
Forbidden: /api/tasks/projects/
[03/Apr/2026 22:21:40] "GET /api/tasks/projects/ HTTP/1.1" 403 63
Forbidden: /api/accounts/users/
[03/Apr/2026 22:21:40] "GET /api/tasks/tasks/ HTTP/1.1" 200 1340
[03/Apr/2026 22:21:40] "GET /api/accounts/users/ HTTP/1.1" 403 63
[03/Apr/2026 22:21:47] "GET /api/tasks/activity-logs/?task=3 HTTP/1.1" 200 950
[03/Apr/2026 22:21:51] "POST /api/accounts/logout/ HTTP/1.1" 205 0
Unauthorized: /api/tasks/tasks/
Unauthorized: /api/tasks/projects/
[03/Apr/2026 22:21:55] "GET /api/tasks/tasks/ HTTP/1.1" 401 58
Unauthorized: /api/accounts/users/
[03/Apr/2026 22:21:55] "GET /api/tasks/projects/ HTTP/1.1" 401 58
Unauthorized: /api/tasks/tasks/
[03/Apr/2026 22:21:55] "GET /api/accounts/users/ HTTP/1.1" 401 58
Unauthorized: /api/tasks/projects/
[03/Apr/2026 22:21:55] "GET /api/tasks/tasks/ HTTP/1.1" 401 58
Unauthorized: /api/accounts/users/
[03/Apr/2026 22:21:55] "GET /api/tasks/projects/ HTTP/1.1" 401 58
[03/Apr/2026 22:21:55] "GET /api/accounts/users/ HTTP/1.1" 401 58
Unauthorized: /api/roles/roles/
[03/Apr/2026 22:21:57] "GET /api/roles/roles/ HTTP/1.1" 401 58
Unauthorized: /api/roles/permissions/
Unauthorized: /api/roles/roles/
[03/Apr/2026 22:21:57] "GET /api/roles/permissions/ HTTP/1.1" 401 58
[03/Apr/2026 22:21:57] "GET /api/roles/roles/ HTTP/1.1" 401 58
Unauthorized: /api/roles/permissions/
[03/Apr/2026 22:21:57] "GET /api/roles/permissions/ HTTP/1.1" 401 58
Unauthorized: /api/accounts/users/
Unauthorized: /api/roles/roles/
[03/Apr/2026 22:21:58] "GET /api/accounts/users/ HTTP/1.1" 401 58
[03/Apr/2026 22:21:58] "GET /api/roles/roles/ HTTP/1.1" 401 58
Unauthorized: /api/accounts/users/
Unauthorized: /api/roles/roles/
[03/Apr/2026 22:21:58] "GET /api/accounts/users/ HTTP/1.1" 401 58
[03/Apr/2026 22:21:58] "GET /api/roles/roles/ HTTP/1.1" 401 58
Unauthorized: /api/roles/roles/
Unauthorized: /api/roles/permissions/
[03/Apr/2026 22:21:59] "GET /api/roles/roles/ HTTP/1.1" 401 58
Unauthorized: /api/roles/roles/
[03/Apr/2026 22:21:59] "GET /api/roles/permissions/ HTTP/1.1" 401 58
Unauthorized: /api/roles/permissions/
[03/Apr/2026 22:21:59] "GET /api/roles/roles/ HTTP/1.1" 401 58
[03/Apr/2026 22:21:59] "GET /api/roles/permissions/ HTTP/1.1" 401 58
[03/Apr/2026 22:22:11] "POST /api/accounts/login/ HTTP/1.1" 200 3099
[03/Apr/2026 22:22:14] "POST /api/accounts/login/ HTTP/1.1" 200 3099
[03/Apr/2026 22:22:14] "GET /api/roles/roles/ HTTP/1.1" 200 3917
[03/Apr/2026 22:22:14] "GET /api/roles/permissions/ HTTP/1.1" 200 1060
[03/Apr/2026 22:22:14] "GET /api/roles/roles/ HTTP/1.1" 200 3917
[03/Apr/2026 22:22:14] "GET /api/roles/permissions/ HTTP/1.1" 200 1060
[03/Apr/2026 22:22:14] "GET /api/notifications/ HTTP/1.1" 200 4932
[03/Apr/2026 22:22:14] "GET /api/notifications/ HTTP/1.1" 200 4932
[03/Apr/2026 22:23:25] "POST /api/accounts/logout/ HTTP/1.1" 205 0
[03/Apr/2026 22:23:50] "OPTIONS /api/accounts/signup/ HTTP/1.1" 200 0
[03/Apr/2026 22:23:51] "POST /api/accounts/signup/ HTTP/1.1" 201 643
[03/Apr/2026 22:23:56] "POST /api/accounts/login/ HTTP/1.1" 200 1237
[03/Apr/2026 22:23:59] "POST /api/accounts/login/ HTTP/1.1" 200 1237
[03/Apr/2026 22:23:59] "GET /api/notifications/ HTTP/1.1" 200 52
[03/Apr/2026 22:23:59] "GET /api/requests/ HTTP/1.1" 200 52
[03/Apr/2026 22:23:59] "GET /api/audit-logs/ HTTP/1.1" 200 376
[03/Apr/2026 22:23:59] "GET /api/tasks/tasks/ HTTP/1.1" 200 52
[03/Apr/2026 22:23:59] "GET /api/notifications/ HTTP/1.1" 200 52
[03/Apr/2026 22:23:59] "GET /api/tasks/tasks/ HTTP/1.1" 200 52
[03/Apr/2026 22:23:59] "GET /api/requests/ HTTP/1.1" 200 52
[03/Apr/2026 22:23:59] "GET /api/audit-logs/ HTTP/1.1" 200 376
[03/Apr/2026 22:23:59] "GET /api/notifications/ HTTP/1.1" 200 52
[03/Apr/2026 22:23:59] "GET /api/notifications/ HTTP/1.1" 200 52
[03/Apr/2026 22:24:05] "GET /api/roles/permissions/ HTTP/1.1" 200 1060
[03/Apr/2026 22:24:05] "GET /api/roles/roles/ HTTP/1.1" 200 52
[03/Apr/2026 22:24:05] "GET /api/roles/permissions/ HTTP/1.1" 200 1060
[03/Apr/2026 22:24:05] "GET /api/roles/roles/ HTTP/1.1" 200 52
[03/Apr/2026 22:24:06] "GET /api/notifications/ HTTP/1.1" 200 52
[03/Apr/2026 22:24:06] "GET /api/tasks/tasks/ HTTP/1.1" 200 52
[03/Apr/2026 22:24:06] "GET /api/requests/ HTTP/1.1" 200 52
[03/Apr/2026 22:24:06] "GET /api/audit-logs/ HTTP/1.1" 200 376
[03/Apr/2026 22:24:06] "GET /api/tasks/tasks/ HTTP/1.1" 200 52
[03/Apr/2026 22:24:06] "GET /api/notifications/ HTTP/1.1" 200 52
[03/Apr/2026 22:24:06] "GET /api/requests/ HTTP/1.1" 200 52
[03/Apr/2026 22:24:06] "GET /api/audit-logs/ HTTP/1.1" 200 376
[03/Apr/2026 22:24:08] "OPTIONS /api/audit-logs/56/ HTTP/1.1" 200 0
[03/Apr/2026 22:24:08] "OPTIONS /api/audit-logs/56/ HTTP/1.1" 200 0
[03/Apr/2026 22:24:08] "GET /api/audit-logs/56/ HTTP/1.1" 200 324
[03/Apr/2026 22:24:08] "GET /api/audit-logs/56/ HTTP/1.1" 200 324
[03/Apr/2026 22:24:16] "GET /api/accounts/users/ HTTP/1.1" 200 517
[03/Apr/2026 22:24:16] "GET /api/requests/ HTTP/1.1" 200 52
[03/Apr/2026 22:24:16] "GET /api/accounts/users/ HTTP/1.1" 200 517
[03/Apr/2026 22:24:16] "GET /api/requests/ HTTP/1.1" 200 52
[03/Apr/2026 22:24:34] "POST /api/requests/ HTTP/1.1" 201 308
[03/Apr/2026 22:24:34] "GET /api/requests/ HTTP/1.1" 200 360
[03/Apr/2026 22:24:40] "OPTIONS /api/requests/4/ HTTP/1.1" 200 0
[03/Apr/2026 22:24:40] "OPTIONS /api/requests/4/ HTTP/1.1" 200 0
[03/Apr/2026 22:24:40] "GET /api/accounts/users/ HTTP/1.1" 200 517
[03/Apr/2026 22:24:40] "GET /api/requests/4/ HTTP/1.1" 200 308
[03/Apr/2026 22:24:40] "GET /api/accounts/users/ HTTP/1.1" 200 517
[03/Apr/2026 22:24:40] "GET /api/requests/4/ HTTP/1.1" 200 308
[03/Apr/2026 22:24:45] "OPTIONS /api/requests/4/workflow/ HTTP/1.1" 200 0
[03/Apr/2026 22:24:45] "POST /api/requests/4/workflow/ HTTP/1.1" 201 225
[03/Apr/2026 22:24:45] "GET /api/requests/4/ HTTP/1.1" 200 534
[03/Apr/2026 22:24:51] "POST /api/requests/4/workflow/ HTTP/1.1" 201 224
[03/Apr/2026 22:24:51] "GET /api/requests/4/ HTTP/1.1" 200 758
[03/Apr/2026 22:24:53] "POST /api/requests/4/workflow/ HTTP/1.1" 201 225
[03/Apr/2026 22:24:53] "GET /api/requests/4/ HTTP/1.1" 200 985
[03/Apr/2026 22:24:55] "GET /api/tasks/tasks/ HTTP/1.1" 200 52
[03/Apr/2026 22:24:55] "GET /api/notifications/ HTTP/1.1" 200 52
[03/Apr/2026 22:24:55] "GET /api/tasks/tasks/ HTTP/1.1" 200 52
[03/Apr/2026 22:24:55] "GET /api/notifications/ HTTP/1.1" 200 52
[03/Apr/2026 22:24:55] "GET /api/requests/ HTTP/1.1" 200 1037
[03/Apr/2026 22:24:55] "GET /api/audit-logs/ HTTP/1.1" 200 2368
[03/Apr/2026 22:24:55] "GET /api/audit-logs/ HTTP/1.1" 200 2368
[03/Apr/2026 22:24:55] "GET /api/requests/ HTTP/1.1" 200 1037
[03/Apr/2026 22:24:58] "OPTIONS /api/audit-logs/59/ HTTP/1.1" 200 0
[03/Apr/2026 22:24:58] "OPTIONS /api/audit-logs/59/ HTTP/1.1" 200 0
[03/Apr/2026 22:24:58] "GET /api/audit-logs/59/ HTTP/1.1" 200 530
[03/Apr/2026 22:24:58] "GET /api/audit-logs/59/ HTTP/1.1" 200 530
[03/Apr/2026 22:24:59] "GET /api/requests/4/ HTTP/1.1" 200 985
[03/Apr/2026 22:25:41] "GET /api/accounts/users/ HTTP/1.1" 200 517
[03/Apr/2026 22:25:41] "GET /api/requests/ HTTP/1.1" 200 1037
[03/Apr/2026 22:25:41] "GET /api/accounts/users/ HTTP/1.1" 200 517
[03/Apr/2026 22:25:41] "GET /api/requests/ HTTP/1.1" 200 1037
[03/Apr/2026 22:25:42] "GET /api/tasks/tasks/ HTTP/1.1" 200 52
[03/Apr/2026 22:25:42] "GET /api/tasks/projects/ HTTP/1.1" 200 52
[03/Apr/2026 22:25:42] "GET /api/accounts/users/ HTTP/1.1" 200 517
[03/Apr/2026 22:25:42] "GET /api/tasks/tasks/ HTTP/1.1" 200 52
[03/Apr/2026 22:25:42] "GET /api/tasks/projects/ HTTP/1.1" 200 52
[03/Apr/2026 22:25:42] "GET /api/accounts/users/ HTTP/1.1" 200 517
[03/Apr/2026 22:25:54] "GET /api/tasks/tasks/ HTTP/1.1" 200 52
[03/Apr/2026 22:25:54] "GET /api/audit-logs/ HTTP/1.1" 200 2368
[03/Apr/2026 22:25:54] "GET /api/notifications/ HTTP/1.1" 200 52
[03/Apr/2026 22:25:54] "GET /api/audit-logs/ HTTP/1.1" 200 2368
[03/Apr/2026 22:25:54] "GET /api/tasks/tasks/ HTTP/1.1" 200 52
[03/Apr/2026 22:25:54] "GET /api/notifications/ HTTP/1.1" 200 52
[03/Apr/2026 22:25:54] "GET /api/requests/ HTTP/1.1" 200 1037
[03/Apr/2026 22:25:54] "GET /api/requests/ HTTP/1.1" 200 1037
[03/Apr/2026 22:27:34] "GET /api/accounts/users/ HTTP/1.1" 200 517
[03/Apr/2026 22:27:34] "GET /api/requests/ HTTP/1.1" 200 1037
[03/Apr/2026 22:27:34] "GET /api/accounts/users/ HTTP/1.1" 200 517
[03/Apr/2026 22:27:34] "GET /api/requests/ HTTP/1.1" 200 1037
[03/Apr/2026 22:27:35] "GET /api/tasks/tasks/ HTTP/1.1" 200 52
[03/Apr/2026 22:27:35] "GET /api/accounts/users/ HTTP/1.1" 200 517
[03/Apr/2026 22:27:35] "GET /api/tasks/projects/ HTTP/1.1" 200 52
[03/Apr/2026 22:27:35] "GET /api/tasks/tasks/ HTTP/1.1" 200 52
[03/Apr/2026 22:27:35] "GET /api/tasks/projects/ HTTP/1.1" 200 52
[03/Apr/2026 22:27:35] "GET /api/accounts/users/ HTTP/1.1" 200 517
[03/Apr/2026 22:27:37] "GET /api/accounts/users/ HTTP/1.1" 200 517
[03/Apr/2026 22:27:37] "GET /api/roles/roles/ HTTP/1.1" 200 52
[03/Apr/2026 22:27:37] "GET /api/accounts/users/ HTTP/1.1" 200 517
[03/Apr/2026 22:27:37] "GET /api/roles/roles/ HTTP/1.1" 200 52
[03/Apr/2026 22:27:39] "GET /api/roles/permissions/ HTTP/1.1" 200 1060
[03/Apr/2026 22:27:39] "GET /api/roles/roles/ HTTP/1.1" 200 52
[03/Apr/2026 22:27:39] "GET /api/roles/roles/ HTTP/1.1" 200 52
[03/Apr/2026 22:27:39] "GET /api/roles/permissions/ HTTP/1.1" 200 1060
[03/Apr/2026 22:27:40] "GET /api/audit-logs/ HTTP/1.1" 200 2368
[03/Apr/2026 22:27:40] "GET /api/tasks/tasks/ HTTP/1.1" 200 52
[03/Apr/2026 22:27:40] "GET /api/notifications/ HTTP/1.1" 200 52
[03/Apr/2026 22:27:40] "GET /api/tasks/tasks/ HTTP/1.1" 200 52
[03/Apr/2026 22:27:40] "GET /api/audit-logs/ HTTP/1.1" 200 2368
[03/Apr/2026 22:27:40] "GET /api/notifications/ HTTP/1.1" 200 52
[03/Apr/2026 22:27:40] "GET /api/requests/ HTTP/1.1" 200 1037
[03/Apr/2026 22:27:40] "GET /api/requests/ HTTP/1.1" 200 1037
[03/Apr/2026 22:29:34] "GET /api/audit-logs/59/ HTTP/1.1" 200 530
[03/Apr/2026 22:29:34] "GET /api/audit-logs/59/ HTTP/1.1" 200 530
[03/Apr/2026 22:29:34] "GET /api/requests/4/ HTTP/1.1" 200 985
